{"/home/travis/build/npmtest/node-npmtest-node-mysql/test.js":{"path":"/home/travis/build/npmtest/node-npmtest-node-mysql/test.js","s":{"1":2,"2":2,"3":2,"4":2,"5":2,"6":2,"7":2,"8":1,"9":2,"10":2,"11":1,"12":1,"13":1,"14":1,"15":2,"16":2,"17":2,"18":2,"19":1,"20":1,"21":2,"22":2,"23":2,"24":1,"25":1,"26":1,"27":1,"28":1,"29":1,"30":1,"31":1,"32":1,"33":1,"34":1,"35":1,"36":1,"37":1,"38":1,"39":2,"40":2,"41":1,"42":2,"43":2,"44":1,"45":2,"46":2,"47":1,"48":2,"49":2,"50":1,"51":1,"52":1,"53":1,"54":1},"b":{"1":[2,1,1,1],"2":[1,1,1,1],"3":[1,1],"4":[1,1],"5":[1,1],"6":[1,1],"7":[1,1],"8":[1,1],"9":[1,1],"10":[1,1,1],"11":[1,1],"12":[1,1],"13":[1,1],"14":[1,1],"15":[1,1],"16":[1,1],"17":[1,1]},"f":{"1":2,"2":2,"3":2,"4":2,"5":2,"6":1,"7":1,"8":1,"9":2,"10":2,"11":2,"12":2,"13":1},"fnMap":{"1":{"name":"(anonymous_1)","line":12,"loc":{"start":{"line":12,"column":1},"end":{"line":12,"column":13}}},"2":{"name":"(anonymous_2)","line":19,"loc":{"start":{"line":19,"column":5},"end":{"line":19,"column":17}}},"3":{"name":"(anonymous_3)","line":23,"loc":{"start":{"line":23,"column":24},"end":{"line":23,"column":36}}},"4":{"name":"(anonymous_4)","line":61,"loc":{"start":{"line":61,"column":5},"end":{"line":61,"column":17}}},"5":{"name":"(anonymous_5)","line":82,"loc":{"start":{"line":82,"column":5},"end":{"line":82,"column":17}}},"6":{"name":"(anonymous_6)","line":91,"loc":{"start":{"line":91,"column":77},"end":{"line":94,"column":10}}},"7":{"name":"(anonymous_7)","line":112,"loc":{"start":{"line":112,"column":83},"end":{"line":115,"column":10}},"skip":true},"8":{"name":"(anonymous_8)","line":123,"loc":{"start":{"line":123,"column":77},"end":{"line":126,"column":10}},"skip":true},"9":{"name":"(anonymous_9)","line":139,"loc":{"start":{"line":139,"column":12},"end":{"line":139,"column":40}},"skip":true},"10":{"name":"(anonymous_10)","line":147,"loc":{"start":{"line":147,"column":77},"end":{"line":150,"column":10}},"skip":true},"11":{"name":"(anonymous_11)","line":158,"loc":{"start":{"line":158,"column":83},"end":{"line":161,"column":10}},"skip":true},"12":{"name":"(anonymous_12)","line":169,"loc":{"start":{"line":169,"column":79},"end":{"line":172,"column":10}},"skip":true},"13":{"name":"(anonymous_13)","line":180,"loc":{"start":{"line":180,"column":75},"end":{"line":183,"column":10}},"skip":true}},"statementMap":{"1":{"start":{"line":12,"column":0},"end":{"line":195,"column":5}},"2":{"start":{"line":14,"column":4},"end":{"line":14,"column":14}},"3":{"start":{"line":19,"column":4},"end":{"line":56,"column":9}},"4":{"start":{"line":21,"column":8},"end":{"line":21,"column":19}},"5":{"start":{"line":23,"column":8},"end":{"line":35,"column":13}},"6":{"start":{"line":24,"column":12},"end":{"line":34,"column":13}},"7":{"start":{"line":25,"column":16},"end":{"line":28,"column":30}},"8":{"start":{"line":30,"column":16},"end":{"line":33,"column":27}},"9":{"start":{"line":37,"column":8},"end":{"line":39,"column":21}},"10":{"start":{"line":40,"column":8},"end":{"line":53,"column":9}},"11":{"start":{"line":43,"column":12},"end":{"line":46,"column":14}},"12":{"start":{"line":47,"column":12},"end":{"line":47,"column":18}},"13":{"start":{"line":50,"column":12},"end":{"line":51,"column":46}},"14":{"start":{"line":52,"column":12},"end":{"line":52,"column":18}},"15":{"start":{"line":55,"column":8},"end":{"line":55,"column":35}},"16":{"start":{"line":61,"column":4},"end":{"line":63,"column":9}},"17":{"start":{"line":62,"column":8},"end":{"line":62,"column":15}},"18":{"start":{"line":64,"column":4},"end":{"line":77,"column":5}},"19":{"start":{"line":70,"column":8},"end":{"line":70,"column":14}},"20":{"start":{"line":76,"column":8},"end":{"line":76,"column":14}},"21":{"start":{"line":82,"column":4},"end":{"line":84,"column":9}},"22":{"start":{"line":83,"column":8},"end":{"line":83,"column":15}},"23":{"start":{"line":85,"column":4},"end":{"line":194,"column":5}},"24":{"start":{"line":91,"column":8},"end":{"line":99,"column":10}},"25":{"start":{"line":98,"column":12},"end":{"line":98,"column":35}},"26":{"start":{"line":102,"column":8},"end":{"line":104,"column":63}},"27":{"start":{"line":105,"column":8},"end":{"line":105,"column":14}},"28":{"start":{"line":112,"column":8},"end":{"line":121,"column":10},"skip":true},"29":{"start":{"line":119,"column":12},"end":{"line":119,"column":55},"skip":true},"30":{"start":{"line":120,"column":12},"end":{"line":120,"column":48},"skip":true},"31":{"start":{"line":123,"column":8},"end":{"line":136,"column":10},"skip":true},"32":{"start":{"line":130,"column":12},"end":{"line":130,"column":76},"skip":true},"33":{"start":{"line":131,"column":12},"end":{"line":131,"column":73},"skip":true},"34":{"start":{"line":132,"column":12},"end":{"line":132,"column":74},"skip":true},"35":{"start":{"line":133,"column":12},"end":{"line":133,"column":79},"skip":true},"36":{"start":{"line":134,"column":12},"end":{"line":134,"column":25},"skip":true},"37":{"start":{"line":135,"column":12},"end":{"line":135,"column":45},"skip":true},"38":{"start":{"line":138,"column":8},"end":{"line":145,"column":14},"skip":true},"39":{"start":{"line":143,"column":16},"end":{"line":143,"column":29},"skip":true},"40":{"start":{"line":144,"column":16},"end":{"line":144,"column":55},"skip":true},"41":{"start":{"line":147,"column":8},"end":{"line":156,"column":10},"skip":true},"42":{"start":{"line":154,"column":12},"end":{"line":154,"column":25},"skip":true},"43":{"start":{"line":155,"column":12},"end":{"line":155,"column":45},"skip":true},"44":{"start":{"line":158,"column":8},"end":{"line":167,"column":10},"skip":true},"45":{"start":{"line":165,"column":12},"end":{"line":165,"column":25},"skip":true},"46":{"start":{"line":166,"column":12},"end":{"line":166,"column":48},"skip":true},"47":{"start":{"line":169,"column":8},"end":{"line":178,"column":10},"skip":true},"48":{"start":{"line":176,"column":12},"end":{"line":176,"column":25},"skip":true},"49":{"start":{"line":177,"column":12},"end":{"line":177,"column":46},"skip":true},"50":{"start":{"line":180,"column":8},"end":{"line":189,"column":10},"skip":true},"51":{"start":{"line":187,"column":12},"end":{"line":187,"column":94},"skip":true},"52":{"start":{"line":188,"column":12},"end":{"line":188,"column":48},"skip":true},"53":{"start":{"line":192,"column":8},"end":{"line":192,"column":35},"skip":true},"54":{"start":{"line":193,"column":8},"end":{"line":193,"column":14},"skip":true}},"branchMap":{"1":{"line":25,"type":"binary-expr","locations":[{"start":{"line":25,"column":23},"end":{"line":25,"column":62}},{"start":{"line":26,"column":20},"end":{"line":26,"column":70}},{"start":{"line":27,"column":20},"end":{"line":27,"column":71}},{"start":{"line":28,"column":20},"end":{"line":28,"column":29}}]},"2":{"line":30,"type":"binary-expr","locations":[{"start":{"line":30,"column":23},"end":{"line":30,"column":37}},{"start":{"line":31,"column":20},"end":{"line":31,"column":61}},{"start":{"line":32,"column":20},"end":{"line":32,"column":70}},{"start":{"line":33,"column":20},"end":{"line":33,"column":26}}]},"3":{"line":37,"type":"cond-expr","locations":[{"start":{"line":38,"column":14},"end":{"line":38,"column":20}},{"start":{"line":39,"column":14},"end":{"line":39,"column":20}}]},"4":{"line":40,"type":"switch","locations":[{"start":{"line":42,"column":8},"end":{"line":47,"column":18}},{"start":{"line":49,"column":8},"end":{"line":52,"column":18}}]},"5":{"line":44,"type":"binary-expr","locations":[{"start":{"line":44,"column":16},"end":{"line":44,"column":44}},{"start":{"line":44,"column":48},"end":{"line":44,"column":66}}]},"6":{"line":50,"type":"binary-expr","locations":[{"start":{"line":50,"column":21},"end":{"line":50,"column":49}},{"start":{"line":50,"column":53},"end":{"line":50,"column":72}}]},"7":{"line":64,"type":"switch","locations":[{"start":{"line":69,"column":4},"end":{"line":70,"column":14}},{"start":{"line":75,"column":4},"end":{"line":76,"column":14}}]},"8":{"line":85,"type":"switch","locations":[{"start":{"line":90,"column":4},"end":{"line":105,"column":14}},{"start":{"line":111,"column":4},"end":{"line":193,"column":14},"skip":true}]},"9":{"line":91,"type":"binary-expr","locations":[{"start":{"line":91,"column":42},"end":{"line":91,"column":73}},{"start":{"line":91,"column":77},"end":{"line":99,"column":9}}]},"10":{"line":102,"type":"binary-expr","locations":[{"start":{"line":102,"column":18},"end":{"line":102,"column":32}},{"start":{"line":103,"column":12},"end":{"line":103,"column":53}},{"start":{"line":104,"column":12},"end":{"line":104,"column":61}}]},"11":{"line":112,"type":"binary-expr","locations":[{"start":{"line":112,"column":45},"end":{"line":112,"column":79},"skip":true},{"start":{"line":112,"column":83},"end":{"line":121,"column":9},"skip":true}]},"12":{"line":123,"type":"binary-expr","locations":[{"start":{"line":123,"column":42},"end":{"line":123,"column":73},"skip":true},{"start":{"line":123,"column":77},"end":{"line":136,"column":9},"skip":true}]},"13":{"line":138,"type":"binary-expr","locations":[{"start":{"line":138,"column":48},"end":{"line":138,"column":85},"skip":true},{"start":{"line":139,"column":12},"end":{"line":145,"column":13},"skip":true}]},"14":{"line":147,"type":"binary-expr","locations":[{"start":{"line":147,"column":42},"end":{"line":147,"column":73},"skip":true},{"start":{"line":147,"column":77},"end":{"line":156,"column":9},"skip":true}]},"15":{"line":158,"type":"binary-expr","locations":[{"start":{"line":158,"column":45},"end":{"line":158,"column":79},"skip":true},{"start":{"line":158,"column":83},"end":{"line":167,"column":9},"skip":true}]},"16":{"line":169,"type":"binary-expr","locations":[{"start":{"line":169,"column":43},"end":{"line":169,"column":75},"skip":true},{"start":{"line":169,"column":79},"end":{"line":178,"column":9},"skip":true}]},"17":{"line":180,"type":"binary-expr","locations":[{"start":{"line":180,"column":41},"end":{"line":180,"column":71},"skip":true},{"start":{"line":180,"column":75},"end":{"line":189,"column":9},"skip":true}]}},"code":["/* istanbul instrument in package npmtest_node_mysql */","/*jslint","    bitwise: true,","    browser: true,","    maxerr: 8,","    maxlen: 96,","    node: true,","    nomen: true,","    regexp: true,","    stupid: true","*/","(function () {","    'use strict';","    var local;","","","","    // run shared js-env code - pre-init","    (function () {","        // init local","        local = {};","        // init modeJs","        local.modeJs = (function () {","            try {","                return typeof navigator.userAgent === 'string' &&","                    typeof document.querySelector('body') === 'object' &&","                    typeof XMLHttpRequest.prototype.open === 'function' &&","                    'browser';","            } catch (errorCaughtBrowser) {","                return module.exports &&","                    typeof process.versions.node === 'string' &&","                    typeof require('http').createServer === 'function' &&","                    'node';","            }","        }());","        // init global","        local.global = local.modeJs === 'browser'","            ? window","            : global;","        switch (local.modeJs) {","        // re-init local from window.local","        case 'browser':","            local = local.global.utility2.objectSetDefault(","                local.global.utility2_rollup || local.global.local,","                local.global.utility2","            );","            break;","        // re-init local from example.js","        case 'node':","            local = (local.global.utility2_rollup || require('utility2'))","                .requireExampleJsFromReadme();","            break;","        }","        // export local","        local.global.local = local;","    }());","","","","    // run shared js-env code - function","    (function () {","        return;","    }());","    switch (local.modeJs) {","","","","    // run browser js-env code - function","    case 'browser':","        break;","","","","    // run node js-env code - function","    case 'node':","        break;","    }","","","","    // run shared js-env code - post-init","    (function () {","        return;","    }());","    switch (local.modeJs) {","","","","    // run browser js-env code - post-init","    case 'browser':","        local.testCase_browser_nullCase = local.testCase_browser_nullCase || function (","            options,","            onError","        ) {","        /*","         * this function will test browsers's null-case handling-behavior-behavior","         */","            onError(null, options);","        };","","        // run tests","        local.nop(local.modeTest &&","            document.querySelector('#testRunButton1') &&","            document.querySelector('#testRunButton1').click());","        break;","","","","    // run node js-env code - post-init","    /* istanbul ignore next */","    case 'node':","        local.testCase_buildApidoc_default = local.testCase_buildApidoc_default || function (","            options,","            onError","        ) {","        /*","         * this function will test buildApidoc's default handling-behavior-behavior","         */","            options = { modulePathList: module.paths };","            local.buildApidoc(options, onError);","        };","","        local.testCase_buildApp_default = local.testCase_buildApp_default || function (","            options,","            onError","        ) {","        /*","         * this function will test buildApp's default handling-behavior-behavior","         */","            local.testCase_buildReadme_default(options, local.onErrorThrow);","            local.testCase_buildLib_default(options, local.onErrorThrow);","            local.testCase_buildTest_default(options, local.onErrorThrow);","            local.testCase_buildCustomOrg_default(options, local.onErrorThrow);","            options = [];","            local.buildApp(options, onError);","        };","","        local.testCase_buildCustomOrg_default = local.testCase_buildCustomOrg_default ||","            function (options, onError) {","            /*","             * this function will test buildCustomOrg's default handling-behavior","             */","                options = {};","                local.buildCustomOrg(options, onError);","            };","","        local.testCase_buildLib_default = local.testCase_buildLib_default || function (","            options,","            onError","        ) {","        /*","         * this function will test buildLib's default handling-behavior","         */","            options = {};","            local.buildLib(options, onError);","        };","","        local.testCase_buildReadme_default = local.testCase_buildReadme_default || function (","            options,","            onError","        ) {","        /*","         * this function will test buildReadme's default handling-behavior-behavior","         */","            options = {};","            local.buildReadme(options, onError);","        };","","        local.testCase_buildTest_default = local.testCase_buildTest_default || function (","            options,","            onError","        ) {","        /*","         * this function will test buildTest's default handling-behavior","         */","            options = {};","            local.buildTest(options, onError);","        };","","        local.testCase_webpage_default = local.testCase_webpage_default || function (","            options,","            onError","        ) {","        /*","         * this function will test webpage's default handling-behavior","         */","            options = { modeCoverageMerge: true, url: local.serverLocalHost + '?modeTest=1' };","            local.browserTest(options, onError);","        };","","        // run test-server","        local.testRunServer(local);","        break;","    }","}());",""],"l":{"12":2,"14":2,"19":2,"21":2,"23":2,"24":2,"25":2,"30":1,"37":2,"40":2,"43":1,"47":1,"50":1,"52":1,"55":2,"61":2,"62":2,"64":2,"70":1,"76":1,"82":2,"83":2,"85":2,"91":1,"98":1,"102":1,"105":1,"112":1,"119":1,"120":1,"123":1,"130":1,"131":1,"132":1,"133":1,"134":1,"135":1,"138":1,"143":2,"144":2,"147":1,"154":2,"155":2,"158":1,"165":2,"166":2,"169":1,"176":2,"177":2,"180":1,"187":1,"188":1,"192":1,"193":1}},"/home/travis/build/npmtest/node-npmtest-node-mysql/lib.npmtest_node_mysql.js":{"path":"/home/travis/build/npmtest/node-npmtest-node-mysql/lib.npmtest_node_mysql.js","s":{"1":2,"2":2,"3":2,"4":2,"5":2,"6":2,"7":2,"8":1,"9":2,"10":2,"11":2,"12":2,"13":1,"14":1,"15":1,"16":1},"b":{"1":[2,1,1,1],"2":[1,1,1,1],"3":[1,1],"4":[2,2],"5":[1,1]},"f":{"1":2,"2":2,"3":2},"fnMap":{"1":{"name":"(anonymous_1)","line":12,"loc":{"start":{"line":12,"column":1},"end":{"line":12,"column":13}}},"2":{"name":"(anonymous_2)","line":19,"loc":{"start":{"line":19,"column":5},"end":{"line":19,"column":17}}},"3":{"name":"(anonymous_3)","line":23,"loc":{"start":{"line":23,"column":24},"end":{"line":23,"column":36}}}},"statementMap":{"1":{"start":{"line":12,"column":0},"end":{"line":53,"column":5}},"2":{"start":{"line":14,"column":4},"end":{"line":14,"column":14}},"3":{"start":{"line":19,"column":4},"end":{"line":52,"column":9}},"4":{"start":{"line":21,"column":8},"end":{"line":21,"column":19}},"5":{"start":{"line":23,"column":8},"end":{"line":35,"column":13}},"6":{"start":{"line":24,"column":12},"end":{"line":34,"column":13}},"7":{"start":{"line":25,"column":16},"end":{"line":28,"column":30}},"8":{"start":{"line":30,"column":16},"end":{"line":33,"column":27}},"9":{"start":{"line":37,"column":8},"end":{"line":39,"column":21}},"10":{"start":{"line":41,"column":8},"end":{"line":41,"column":54}},"11":{"start":{"line":43,"column":8},"end":{"line":43,"column":55}},"12":{"start":{"line":45,"column":8},"end":{"line":51,"column":9}},"13":{"start":{"line":46,"column":12},"end":{"line":46,"column":61}},"14":{"start":{"line":48,"column":12},"end":{"line":48,"column":35}},"15":{"start":{"line":49,"column":12},"end":{"line":49,"column":49}},"16":{"start":{"line":50,"column":12},"end":{"line":50,"column":43}}},"branchMap":{"1":{"line":25,"type":"binary-expr","locations":[{"start":{"line":25,"column":23},"end":{"line":25,"column":62}},{"start":{"line":26,"column":20},"end":{"line":26,"column":70}},{"start":{"line":27,"column":20},"end":{"line":27,"column":71}},{"start":{"line":28,"column":20},"end":{"line":28,"column":29}}]},"2":{"line":30,"type":"binary-expr","locations":[{"start":{"line":30,"column":23},"end":{"line":30,"column":37}},{"start":{"line":31,"column":20},"end":{"line":31,"column":61}},{"start":{"line":32,"column":20},"end":{"line":32,"column":70}},{"start":{"line":33,"column":20},"end":{"line":33,"column":26}}]},"3":{"line":37,"type":"cond-expr","locations":[{"start":{"line":38,"column":14},"end":{"line":38,"column":20}},{"start":{"line":39,"column":14},"end":{"line":39,"column":20}}]},"4":{"line":41,"type":"binary-expr","locations":[{"start":{"line":41,"column":16},"end":{"line":41,"column":44}},{"start":{"line":41,"column":48},"end":{"line":41,"column":53}}]},"5":{"line":45,"type":"if","locations":[{"start":{"line":45,"column":8},"end":{"line":45,"column":8}},{"start":{"line":45,"column":8},"end":{"line":45,"column":8}}]}},"code":["/* istanbul instrument in package npmtest_node_mysql */","/*jslint","    bitwise: true,","    browser: true,","    maxerr: 8,","    maxlen: 96,","    node: true,","    nomen: true,","    regexp: true,","    stupid: true","*/","(function () {","    'use strict';","    var local;","","","","    // run shared js-env code - pre-init","    (function () {","        // init local","        local = {};","        // init modeJs","        local.modeJs = (function () {","            try {","                return typeof navigator.userAgent === 'string' &&","                    typeof document.querySelector('body') === 'object' &&","                    typeof XMLHttpRequest.prototype.open === 'function' &&","                    'browser';","            } catch (errorCaughtBrowser) {","                return module.exports &&","                    typeof process.versions.node === 'string' &&","                    typeof require('http').createServer === 'function' &&","                    'node';","            }","        }());","        // init global","        local.global = local.modeJs === 'browser'","            ? window","            : global;","        // init utility2_rollup","        local = local.global.utility2_rollup || local;","        // init lib","        local.local = local.npmtest_node_mysql = local;","        // init exports","        if (local.modeJs === 'browser') {","            local.global.utility2_npmtest_node_mysql = local;","        } else {","            module.exports = local;","            module.exports.__dirname = __dirname;","            module.exports.module = module;","        }","    }());","}());",""],"l":{"12":2,"14":2,"19":2,"21":2,"23":2,"24":2,"25":2,"30":1,"37":2,"41":2,"43":2,"45":2,"46":1,"48":1,"49":1,"50":1}},"/home/travis/build/npmtest/node-npmtest-node-mysql/example.js":{"path":"/home/travis/build/npmtest/node-npmtest-node-mysql/example.js","s":{"1":2,"2":2,"3":2,"4":2,"5":2,"6":2,"7":2,"8":1,"9":2,"10":2,"11":2,"12":2,"13":1,"14":2,"15":2,"16":2,"17":2,"18":2,"19":0,"20":2,"21":1,"22":1,"23":1,"24":1,"25":1,"26":0,"27":0,"28":1,"29":1,"30":2,"31":0,"32":0,"33":0,"34":1,"35":2,"36":2,"37":3,"38":3,"39":3,"40":3,"41":0,"42":3,"43":3,"44":3,"45":1,"46":3,"47":1,"48":1,"49":1,"50":1,"51":1,"52":1,"53":1,"54":1,"55":1,"56":1,"57":0,"58":1,"59":6,"60":6,"61":1,"62":2,"63":0,"64":2,"65":1,"66":1,"67":0,"68":0,"69":0,"70":0,"71":0,"72":0,"73":0,"74":0,"75":0,"76":0,"77":0,"78":0,"79":0,"80":0,"81":0,"82":0,"83":0},"b":{"1":[2,1,1,1],"2":[1,1,1,1],"3":[1,1],"4":[2,2],"5":[1,1],"6":[1,1],"7":[2,0],"8":[2,1,1,1,1,1],"9":[0,2,0],"10":[1,1],"11":[2,1,1],"12":[1,0],"13":[0,2],"14":[2,0,0,0,0,0,0],"15":[0,3],"16":[3,0],"17":[1,1],"18":[0,1],"19":[1,2,0,2],"20":[1,0],"21":[1,1],"22":[0,0],"23":[0,0],"24":[0,0],"25":[0,0],"26":[0,0],"27":[0,0],"28":[0,0]},"f":{"1":2,"2":2,"3":2,"4":2,"5":2,"6":2,"7":3,"8":3,"9":3,"10":1,"11":6,"12":0},"fnMap":{"1":{"name":"(anonymous_1)","line":26,"loc":{"start":{"line":26,"column":1},"end":{"line":26,"column":13}}},"2":{"name":"(anonymous_2)","line":33,"loc":{"start":{"line":33,"column":5},"end":{"line":33,"column":17}}},"3":{"name":"(anonymous_3)","line":37,"loc":{"start":{"line":37,"column":24},"end":{"line":37,"column":36}}},"4":{"name":"(anonymous_4)","line":69,"loc":{"start":{"line":69,"column":31},"end":{"line":69,"column":48}},"skip":true},"5":{"name":"(anonymous_5)","line":78,"loc":{"start":{"line":78,"column":26},"end":{"line":78,"column":45}},"skip":true},"6":{"name":"(anonymous_6)","line":123,"loc":{"start":{"line":123,"column":33},"end":{"line":123,"column":48}},"skip":true},"7":{"name":"(anonymous_7)","line":125,"loc":{"start":{"line":125,"column":27},"end":{"line":125,"column":39}},"skip":true},"8":{"name":"(anonymous_8)","line":133,"loc":{"start":{"line":133,"column":59},"end":{"line":133,"column":74}},"skip":true},"9":{"name":"(anonymous_9)","line":143,"loc":{"start":{"line":143,"column":45},"end":{"line":143,"column":62}},"skip":true},"10":{"name":"(anonymous_10)","line":144,"loc":{"start":{"line":144,"column":73},"end":{"line":144,"column":92}},"skip":true},"11":{"name":"(anonymous_11)","line":272,"loc":{"start":{"line":272,"column":51},"end":{"line":272,"column":77}},"skip":true},"12":{"name":"(anonymous_12)","line":315,"loc":{"start":{"line":315,"column":32},"end":{"line":315,"column":61}},"skip":true}},"statementMap":{"1":{"start":{"line":26,"column":0},"end":{"line":326,"column":5}},"2":{"start":{"line":28,"column":4},"end":{"line":28,"column":14}},"3":{"start":{"line":33,"column":4},"end":{"line":60,"column":9}},"4":{"start":{"line":35,"column":8},"end":{"line":35,"column":19}},"5":{"start":{"line":37,"column":8},"end":{"line":49,"column":13}},"6":{"start":{"line":38,"column":12},"end":{"line":48,"column":13}},"7":{"start":{"line":39,"column":16},"end":{"line":42,"column":30}},"8":{"start":{"line":44,"column":16},"end":{"line":47,"column":27}},"9":{"start":{"line":51,"column":8},"end":{"line":53,"column":21}},"10":{"start":{"line":55,"column":8},"end":{"line":57,"column":45}},"11":{"start":{"line":59,"column":8},"end":{"line":59,"column":35}},"12":{"start":{"line":61,"column":4},"end":{"line":325,"column":5}},"13":{"start":{"line":69,"column":8},"end":{"line":121,"column":10},"skip":true},"14":{"start":{"line":70,"column":12},"end":{"line":88,"column":13},"skip":true},"15":{"start":{"line":76,"column":16},"end":{"line":87,"column":19},"skip":true},"16":{"start":{"line":79,"column":20},"end":{"line":86,"column":21},"skip":true},"17":{"start":{"line":82,"column":24},"end":{"line":82,"column":43},"skip":true},"18":{"start":{"line":83,"column":24},"end":{"line":83,"column":30},"skip":true},"19":{"start":{"line":85,"column":24},"end":{"line":85,"column":49},"skip":true},"20":{"start":{"line":89,"column":12},"end":{"line":107,"column":13},"skip":true},"21":{"start":{"line":92,"column":16},"end":{"line":102,"column":17},"skip":true},"22":{"start":{"line":93,"column":20},"end":{"line":93,"column":86},"skip":true},"23":{"start":{"line":94,"column":20},"end":{"line":95,"column":45},"skip":true},"24":{"start":{"line":96,"column":20},"end":{"line":96,"column":42},"skip":true},"25":{"start":{"line":97,"column":20},"end":{"line":97,"column":48},"skip":true},"26":{"start":{"line":100,"column":20},"end":{"line":100,"column":85},"skip":true},"27":{"start":{"line":101,"column":20},"end":{"line":101,"column":96},"skip":true},"28":{"start":{"line":103,"column":16},"end":{"line":103,"column":22},"skip":true},"29":{"start":{"line":106,"column":16},"end":{"line":106,"column":22},"skip":true},"30":{"start":{"line":108,"column":12},"end":{"line":120,"column":13},"skip":true},"31":{"start":{"line":114,"column":16},"end":{"line":119,"column":17},"skip":true},"32":{"start":{"line":116,"column":20},"end":{"line":116,"column":78},"skip":true},"33":{"start":{"line":118,"column":20},"end":{"line":118,"column":47},"skip":true},"34":{"start":{"line":123,"column":8},"end":{"line":141,"column":11},"skip":true},"35":{"start":{"line":124,"column":12},"end":{"line":124,"column":54},"skip":true},"36":{"start":{"line":125,"column":12},"end":{"line":140,"column":14},"skip":true},"37":{"start":{"line":126,"column":16},"end":{"line":126,"column":28},"skip":true},"38":{"start":{"line":127,"column":16},"end":{"line":127,"column":69},"skip":true},"39":{"start":{"line":128,"column":16},"end":{"line":128,"column":75},"skip":true},"40":{"start":{"line":129,"column":16},"end":{"line":131,"column":17},"skip":true},"41":{"start":{"line":130,"column":20},"end":{"line":130,"column":27},"skip":true},"42":{"start":{"line":133,"column":16},"end":{"line":137,"column":36},"skip":true},"43":{"start":{"line":134,"column":20},"end":{"line":136,"column":55},"skip":true},"44":{"start":{"line":139,"column":16},"end":{"line":139,"column":57},"skip":true},"45":{"start":{"line":143,"column":8},"end":{"line":147,"column":11},"skip":true},"46":{"start":{"line":144,"column":12},"end":{"line":146,"column":15},"skip":true},"47":{"start":{"line":145,"column":16},"end":{"line":145,"column":70},"skip":true},"48":{"start":{"line":149,"column":8},"end":{"line":149,"column":31},"skip":true},"49":{"start":{"line":150,"column":8},"end":{"line":150,"column":14},"skip":true},"50":{"start":{"line":158,"column":8},"end":{"line":158,"column":31},"skip":true},"51":{"start":{"line":160,"column":8},"end":{"line":160,"column":33},"skip":true},"52":{"start":{"line":161,"column":8},"end":{"line":161,"column":37},"skip":true},"53":{"start":{"line":162,"column":8},"end":{"line":162,"column":35},"skip":true},"54":{"start":{"line":164,"column":8},"end":{"line":164,"column":50},"skip":true},"55":{"start":{"line":166,"column":8},"end":{"line":256,"column":2},"skip":true},"56":{"start":{"line":258,"column":8},"end":{"line":286,"column":9},"skip":true},"57":{"start":{"line":259,"column":12},"end":{"line":269,"column":14},"skip":true},"58":{"start":{"line":271,"column":12},"end":{"line":285,"column":19},"skip":true},"59":{"start":{"line":274,"column":20},"end":{"line":274,"column":35},"skip":true},"60":{"start":{"line":275,"column":20},"end":{"line":284,"column":21},"skip":true},"61":{"start":{"line":277,"column":24},"end":{"line":277,"column":64},"skip":true},"62":{"start":{"line":279,"column":24},"end":{"line":279,"column":40},"skip":true},"63":{"start":{"line":281,"column":24},"end":{"line":281,"column":40},"skip":true},"64":{"start":{"line":283,"column":24},"end":{"line":283,"column":39},"skip":true},"65":{"start":{"line":288,"column":8},"end":{"line":290,"column":9},"skip":true},"66":{"start":{"line":289,"column":12},"end":{"line":289,"column":18},"skip":true},"67":{"start":{"line":291,"column":8},"end":{"line":293,"column":54},"skip":true},"68":{"start":{"line":296,"column":8},"end":{"line":301,"column":37},"skip":true},"69":{"start":{"line":303,"column":8},"end":{"line":303,"column":82},"skip":true},"70":{"start":{"line":306,"column":8},"end":{"line":308,"column":9},"skip":true},"71":{"start":{"line":307,"column":12},"end":{"line":307,"column":82},"skip":true},"72":{"start":{"line":310,"column":8},"end":{"line":312,"column":9},"skip":true},"73":{"start":{"line":311,"column":12},"end":{"line":311,"column":18},"skip":true},"74":{"start":{"line":313,"column":8},"end":{"line":313,"column":54},"skip":true},"75":{"start":{"line":314,"column":8},"end":{"line":314,"column":69},"skip":true},"76":{"start":{"line":315,"column":8},"end":{"line":323,"column":36},"skip":true},"77":{"start":{"line":316,"column":12},"end":{"line":316,"column":61},"skip":true},"78":{"start":{"line":317,"column":12},"end":{"line":320,"column":13},"skip":true},"79":{"start":{"line":318,"column":16},"end":{"line":318,"column":75},"skip":true},"80":{"start":{"line":319,"column":16},"end":{"line":319,"column":23},"skip":true},"81":{"start":{"line":321,"column":12},"end":{"line":321,"column":38},"skip":true},"82":{"start":{"line":322,"column":12},"end":{"line":322,"column":27},"skip":true},"83":{"start":{"line":324,"column":8},"end":{"line":324,"column":14},"skip":true}},"branchMap":{"1":{"line":39,"type":"binary-expr","locations":[{"start":{"line":39,"column":23},"end":{"line":39,"column":62}},{"start":{"line":40,"column":20},"end":{"line":40,"column":70}},{"start":{"line":41,"column":20},"end":{"line":41,"column":71}},{"start":{"line":42,"column":20},"end":{"line":42,"column":29}}]},"2":{"line":44,"type":"binary-expr","locations":[{"start":{"line":44,"column":23},"end":{"line":44,"column":37}},{"start":{"line":45,"column":20},"end":{"line":45,"column":61}},{"start":{"line":46,"column":20},"end":{"line":46,"column":70}},{"start":{"line":47,"column":20},"end":{"line":47,"column":26}}]},"3":{"line":51,"type":"cond-expr","locations":[{"start":{"line":52,"column":14},"end":{"line":52,"column":20}},{"start":{"line":53,"column":14},"end":{"line":53,"column":20}}]},"4":{"line":55,"type":"binary-expr","locations":[{"start":{"line":55,"column":16},"end":{"line":55,"column":44}},{"start":{"line":55,"column":49},"end":{"line":57,"column":43}}]},"5":{"line":55,"type":"cond-expr","locations":[{"start":{"line":56,"column":14},"end":{"line":56,"column":54}},{"start":{"line":57,"column":14},"end":{"line":57,"column":43}}]},"6":{"line":61,"type":"switch","locations":[{"start":{"line":68,"column":4},"end":{"line":150,"column":14},"skip":true},{"start":{"line":156,"column":4},"end":{"line":324,"column":14},"skip":true}]},"7":{"line":70,"type":"if","locations":[{"start":{"line":70,"column":12},"end":{"line":70,"column":12},"skip":true},{"start":{"line":70,"column":12},"end":{"line":70,"column":12},"skip":true}]},"8":{"line":70,"type":"binary-expr","locations":[{"start":{"line":70,"column":16},"end":{"line":70,"column":22},"skip":true},{"start":{"line":70,"column":27},"end":{"line":70,"column":32},"skip":true},{"start":{"line":71,"column":20},"end":{"line":71,"column":39},"skip":true},{"start":{"line":72,"column":20},"end":{"line":72,"column":49},"skip":true},{"start":{"line":73,"column":20},"end":{"line":73,"column":58},"skip":true},{"start":{"line":74,"column":20},"end":{"line":74,"column":69},"skip":true}]},"9":{"line":79,"type":"switch","locations":[{"start":{"line":80,"column":20},"end":{"line":80,"column":33},"skip":true},{"start":{"line":81,"column":20},"end":{"line":83,"column":30},"skip":true},{"start":{"line":84,"column":20},"end":{"line":85,"column":49},"skip":true}]},"10":{"line":89,"type":"switch","locations":[{"start":{"line":90,"column":12},"end":{"line":103,"column":22},"skip":true},{"start":{"line":105,"column":12},"end":{"line":106,"column":22},"skip":true}]},"11":{"line":89,"type":"binary-expr","locations":[{"start":{"line":89,"column":20},"end":{"line":89,"column":25},"skip":true},{"start":{"line":89,"column":29},"end":{"line":89,"column":48},"skip":true},{"start":{"line":89,"column":52},"end":{"line":89,"column":74},"skip":true}]},"12":{"line":92,"type":"if","locations":[{"start":{"line":92,"column":16},"end":{"line":92,"column":16},"skip":true},{"start":{"line":92,"column":16},"end":{"line":92,"column":16},"skip":true}]},"13":{"line":108,"type":"if","locations":[{"start":{"line":108,"column":12},"end":{"line":108,"column":12},"skip":true},{"start":{"line":108,"column":12},"end":{"line":108,"column":12},"skip":true}]},"14":{"line":108,"type":"binary-expr","locations":[{"start":{"line":108,"column":16},"end":{"line":108,"column":61},"skip":true},{"start":{"line":108,"column":66},"end":{"line":108,"column":72},"skip":true},{"start":{"line":108,"column":77},"end":{"line":108,"column":82},"skip":true},{"start":{"line":109,"column":20},"end":{"line":109,"column":39},"skip":true},{"start":{"line":110,"column":20},"end":{"line":110,"column":49},"skip":true},{"start":{"line":111,"column":20},"end":{"line":111,"column":58},"skip":true},{"start":{"line":112,"column":20},"end":{"line":112,"column":68},"skip":true}]},"15":{"line":129,"type":"if","locations":[{"start":{"line":129,"column":16},"end":{"line":129,"column":16},"skip":true},{"start":{"line":129,"column":16},"end":{"line":129,"column":16},"skip":true}]},"16":{"line":134,"type":"cond-expr","locations":[{"start":{"line":135,"column":26},"end":{"line":135,"column":29},"skip":true},{"start":{"line":136,"column":26},"end":{"line":136,"column":54},"skip":true}]},"17":{"line":164,"type":"binary-expr","locations":[{"start":{"line":164,"column":27},"end":{"line":164,"column":43},"skip":true},{"start":{"line":164,"column":47},"end":{"line":164,"column":49},"skip":true}]},"18":{"line":258,"type":"if","locations":[{"start":{"line":258,"column":8},"end":{"line":258,"column":8},"skip":true},{"start":{"line":258,"column":8},"end":{"line":258,"column":8},"skip":true}]},"19":{"line":275,"type":"switch","locations":[{"start":{"line":276,"column":20},"end":{"line":277,"column":64},"skip":true},{"start":{"line":278,"column":20},"end":{"line":279,"column":40},"skip":true},{"start":{"line":280,"column":20},"end":{"line":281,"column":40},"skip":true},{"start":{"line":282,"column":20},"end":{"line":283,"column":39},"skip":true}]},"20":{"line":288,"type":"if","locations":[{"start":{"line":288,"column":8},"end":{"line":288,"column":8},"skip":true},{"start":{"line":288,"column":8},"end":{"line":288,"column":8},"skip":true}]},"21":{"line":288,"type":"binary-expr","locations":[{"start":{"line":288,"column":12},"end":{"line":288,"column":40},"skip":true},{"start":{"line":288,"column":44},"end":{"line":288,"column":67},"skip":true}]},"22":{"line":292,"type":"binary-expr","locations":[{"start":{"line":292,"column":12},"end":{"line":292,"column":50},"skip":true},{"start":{"line":293,"column":12},"end":{"line":293,"column":53},"skip":true}]},"23":{"line":297,"type":"binary-expr","locations":[{"start":{"line":297,"column":12},"end":{"line":297,"column":68},"skip":true},{"start":{"line":298,"column":12},"end":{"line":301,"column":36},"skip":true}]},"24":{"line":303,"type":"binary-expr","locations":[{"start":{"line":303,"column":43},"end":{"line":303,"column":75},"skip":true},{"start":{"line":303,"column":79},"end":{"line":303,"column":81},"skip":true}]},"25":{"line":306,"type":"if","locations":[{"start":{"line":306,"column":8},"end":{"line":306,"column":8},"skip":true},{"start":{"line":306,"column":8},"end":{"line":306,"column":8},"skip":true}]},"26":{"line":310,"type":"if","locations":[{"start":{"line":310,"column":8},"end":{"line":310,"column":8},"skip":true},{"start":{"line":310,"column":8},"end":{"line":310,"column":8},"skip":true}]},"27":{"line":313,"type":"binary-expr","locations":[{"start":{"line":313,"column":27},"end":{"line":313,"column":43},"skip":true},{"start":{"line":313,"column":47},"end":{"line":313,"column":53},"skip":true}]},"28":{"line":317,"type":"if","locations":[{"start":{"line":317,"column":12},"end":{"line":317,"column":12},"skip":true},{"start":{"line":317,"column":12},"end":{"line":317,"column":12},"skip":true}]}},"code":["/*","example.js","","quickstart example","","instruction","    1. save this script as example.js","    2. run the shell command:","        $ npm install npmtest-node-mysql && PORT=8081 node example.js","    3. play with the browser-demo on http://127.0.0.1:8081","*/","","","","/* istanbul instrument in package npmtest_node_mysql */","/*jslint","    bitwise: true,","    browser: true,","    maxerr: 8,","    maxlen: 96,","    node: true,","    nomen: true,","    regexp: true,","    stupid: true","*/","(function () {","    'use strict';","    var local;","","","","    // run shared js-env code - pre-init","    (function () {","        // init local","        local = {};","        // init modeJs","        local.modeJs = (function () {","            try {","                return typeof navigator.userAgent === 'string' &&","                    typeof document.querySelector('body') === 'object' &&","                    typeof XMLHttpRequest.prototype.open === 'function' &&","                    'browser';","            } catch (errorCaughtBrowser) {","                return module.exports &&","                    typeof process.versions.node === 'string' &&","                    typeof require('http').createServer === 'function' &&","                    'node';","            }","        }());","        // init global","        local.global = local.modeJs === 'browser'","            ? window","            : global;","        // init utility2_rollup","        local = local.global.utility2_rollup || (local.modeJs === 'browser'","            ? local.global.utility2_npmtest_node_mysql","            : global.utility2_moduleExports);","        // export local","        local.global.local = local;","    }());","    switch (local.modeJs) {","","","","    // post-init","    // run browser js-env code - post-init","    /* istanbul ignore next */","    case 'browser':","        local.testRunBrowser = function (event) {","            if (!event || (event &&","                    event.currentTarget &&","                    event.currentTarget.className &&","                    event.currentTarget.className.includes &&","                    event.currentTarget.className.includes('onreset'))) {","                // reset output","                Array.from(","                    document.querySelectorAll('body > .resettable')","                ).forEach(function (element) {","                    switch (element.tagName) {","                    case 'INPUT':","                    case 'TEXTAREA':","                        element.value = '';","                        break;","                    default:","                        element.textContent = '';","                    }","                });","            }","            switch (event && event.currentTarget && event.currentTarget.id) {","            case 'testRunButton1':","                // show tests","                if (document.querySelector('#testReportDiv1').style.display === 'none') {","                    document.querySelector('#testReportDiv1').style.display = 'block';","                    document.querySelector('#testRunButton1').textContent =","                        'hide internal test';","                    local.modeTest = true;","                    local.testRunDefault(local);","                // hide tests","                } else {","                    document.querySelector('#testReportDiv1').style.display = 'none';","                    document.querySelector('#testRunButton1').textContent = 'run internal test';","                }","                break;","            // custom-case","            default:","                break;","            }","            if (document.querySelector('#inputTextareaEval1') && (!event || (event &&","                    event.currentTarget &&","                    event.currentTarget.className &&","                    event.currentTarget.className.includes &&","                    event.currentTarget.className.includes('oneval')))) {","                // try to eval input-code","                try {","                    /*jslint evil: true*/","                    eval(document.querySelector('#inputTextareaEval1').value);","                } catch (errorCaught) {","                    console.error(errorCaught);","                }","            }","        };","        // log stderr and stdout to #outputTextareaStdout1","        ['error', 'log'].forEach(function (key) {","            console[key + '_original'] = console[key];","            console[key] = function () {","                var element;","                console[key + '_original'].apply(console, arguments);","                element = document.querySelector('#outputTextareaStdout1');","                if (!element) {","                    return;","                }","                // append text to #outputTextareaStdout1","                element.value += Array.from(arguments).map(function (arg) {","                    return typeof arg === 'string'","                        ? arg","                        : JSON.stringify(arg, null, 4);","                }).join(' ') + '\\n';","                // scroll textarea to bottom","                element.scrollTop = element.scrollHeight;","            };","        });","        // init event-handling","        ['change', 'click', 'keyup'].forEach(function (event) {","            Array.from(document.querySelectorAll('.on' + event)).forEach(function (element) {","                element.addEventListener(event, local.testRunBrowser);","            });","        });","        // run tests","        local.testRunBrowser();","        break;","","","","    // run node js-env code - post-init","    /* istanbul ignore next */","    case 'node':","        // export local","        module.exports = local;","        // require modules","        local.fs = require('fs');","        local.http = require('http');","        local.url = require('url');","        // init assets","        local.assetsDict = local.assetsDict || {};","        /* jslint-ignore-begin */","        local.assetsDict['/assets.index.template.html'] = '\\","<!doctype html>\\n\\","<html lang=\"en\">\\n\\","<head>\\n\\","<meta charset=\"UTF-8\">\\n\\","<meta name=\"viewport\" content=\"width=device-width, initial-scale=1\">\\n\\","<title>{{env.npm_package_name}} (v{{env.npm_package_version}})</title>\\n\\","<style>\\n\\","/*csslint\\n\\","    box-sizing: false,\\n\\","    universal-selector: false\\n\\","*/\\n\\","* {\\n\\","    box-sizing: border-box;\\n\\","}\\n\\","body {\\n\\","    background: #dde;\\n\\","    font-family: Arial, Helvetica, sans-serif;\\n\\","    margin: 2rem;\\n\\","}\\n\\","body > * {\\n\\","    margin-bottom: 1rem;\\n\\","}\\n\\",".utility2FooterDiv {\\n\\","    margin-top: 20px;\\n\\","    text-align: center;\\n\\","}\\n\\","</style>\\n\\","<style>\\n\\","/*csslint\\n\\","*/\\n\\","textarea {\\n\\","    font-family: monospace;\\n\\","    height: 10rem;\\n\\","    width: 100%;\\n\\","}\\n\\","textarea[readonly] {\\n\\","    background: #ddd;\\n\\","}\\n\\","</style>\\n\\","</head>\\n\\","<body>\\n\\","<!-- utility2-comment\\n\\","<div id=\"ajaxProgressDiv1\" style=\"background: #d00; height: 2px; left: 0; margin: 0; padding: 0; position: fixed; top: 0; transition: background 0.5s, width 1.5s; width: 25%;\"></div>\\n\\","utility2-comment -->\\n\\","<h1>\\n\\","<!-- utility2-comment\\n\\","    <a\\n\\","        {{#if env.npm_package_homepage}}\\n\\","        href=\"{{env.npm_package_homepage}}\"\\n\\","        {{/if env.npm_package_homepage}}\\n\\","        target=\"_blank\"\\n\\","    >\\n\\","utility2-comment -->\\n\\","        {{env.npm_package_name}} (v{{env.npm_package_version}})\\n\\","<!-- utility2-comment\\n\\","    </a>\\n\\","utility2-comment -->\\n\\","</h1>\\n\\","<h3>{{env.npm_package_description}}</h3>\\n\\","<!-- utility2-comment\\n\\","<h4><a download href=\"assets.app.js\">download standalone app</a></h4>\\n\\","<button class=\"onclick onreset\" id=\"testRunButton1\">run internal test</button><br>\\n\\","<div id=\"testReportDiv1\" style=\"display: none;\"></div>\\n\\","utility2-comment -->\\n\\","\\n\\","\\n\\","\\n\\","<label>stderr and stdout</label>\\n\\","<textarea class=\"resettable\" id=\"outputTextareaStdout1\" readonly></textarea>\\n\\","<!-- utility2-comment\\n\\","{{#if isRollup}}\\n\\","<script src=\"assets.app.js\"></script>\\n\\","{{#unless isRollup}}\\n\\","utility2-comment -->\\n\\","<script src=\"assets.utility2.rollup.js\"></script>\\n\\","<script src=\"jsonp.utility2._stateInit?callback=window.utility2._stateInit\"></script>\\n\\","<script src=\"assets.npmtest_node_mysql.rollup.js\"></script>\\n\\","<script src=\"assets.example.js\"></script>\\n\\","<script src=\"assets.test.js\"></script>\\n\\","<!-- utility2-comment\\n\\","{{/if isRollup}}\\n\\","utility2-comment -->\\n\\","<div class=\"utility2FooterDiv\">\\n\\","    [ this app was created with\\n\\","    <a href=\"https://github.com/kaizhu256/node-utility2\" target=\"_blank\">utility2</a>\\n\\","    ]\\n\\","</div>\\n\\","</body>\\n\\","</html>\\n\\","';","        /* jslint-ignore-end */","        if (local.templateRender) {","            local.assetsDict['/'] = local.templateRender(","                local.assetsDict['/assets.index.template.html'],","                {","                    env: local.objectSetDefault(local.env, {","                        npm_package_description: 'the greatest app in the world!',","                        npm_package_name: 'my-app',","                        npm_package_nameAlias: 'my_app',","                        npm_package_version: '0.0.1'","                    })","                }","            );","        } else {","            local.assetsDict['/'] = local.assetsDict['/assets.index.template.html']","                .replace((/\\{\\{env\\.(\\w+?)\\}\\}/g), function (match0, match1) {","                    // jslint-hack","                    String(match0);","                    switch (match1) {","                    case 'npm_package_description':","                        return 'the greatest app in the world!';","                    case 'npm_package_name':","                        return 'my-app';","                    case 'npm_package_nameAlias':","                        return 'my_app';","                    case 'npm_package_version':","                        return '0.0.1';","                    }","                });","        }","        // run the cli","        if (local.global.utility2_rollup || module !== require.main) {","            break;","        }","        local.assetsDict['/assets.example.js'] =","            local.assetsDict['/assets.example.js'] ||","            local.fs.readFileSync(__filename, 'utf8');","        // bug-workaround - long $npm_package_buildCustomOrg","        /* jslint-ignore-begin */","        local.assetsDict['/assets.npmtest_node_mysql.rollup.js'] =","            local.assetsDict['/assets.npmtest_node_mysql.rollup.js'] ||","            local.fs.readFileSync(","                local.npmtest_node_mysql.__dirname + '/lib.npmtest_node_mysql.js',","                'utf8'","            ).replace((/^#!/), '//');","        /* jslint-ignore-end */","        local.assetsDict['/favicon.ico'] = local.assetsDict['/favicon.ico'] || '';","        // if $npm_config_timeout_exit exists,","        // then exit this process after $npm_config_timeout_exit ms","        if (Number(process.env.npm_config_timeout_exit)) {","            setTimeout(process.exit, Number(process.env.npm_config_timeout_exit));","        }","        // start server","        if (local.global.utility2_serverHttp1) {","            break;","        }","        process.env.PORT = process.env.PORT || '8081';","        console.error('server starting on port ' + process.env.PORT);","        local.http.createServer(function (request, response) {","            request.urlParsed = local.url.parse(request.url);","            if (local.assetsDict[request.urlParsed.pathname] !== undefined) {","                response.end(local.assetsDict[request.urlParsed.pathname]);","                return;","            }","            response.statusCode = 404;","            response.end();","        }).listen(process.env.PORT);","        break;","    }","}());",""],"l":{"26":2,"28":2,"33":2,"35":2,"37":2,"38":2,"39":2,"44":1,"51":2,"55":2,"59":2,"61":2,"69":1,"70":2,"76":2,"79":2,"82":2,"83":2,"85":1,"89":2,"92":1,"93":1,"94":1,"96":1,"97":1,"100":1,"101":1,"103":1,"106":1,"108":2,"114":1,"116":1,"118":1,"123":1,"124":2,"125":2,"126":3,"127":3,"128":3,"129":3,"130":1,"133":3,"134":3,"139":3,"143":1,"144":3,"145":1,"149":1,"150":1,"158":1,"160":1,"161":1,"162":1,"164":1,"166":1,"258":1,"259":1,"271":1,"274":6,"275":6,"277":1,"279":2,"281":1,"283":2,"288":1,"289":1,"291":1,"296":1,"303":1,"306":1,"307":1,"310":1,"311":1,"313":1,"314":1,"315":1,"316":1,"317":1,"318":1,"319":1,"321":1,"322":1,"324":1}},"/home/travis/build/npmtest/node-npmtest-node-mysql/node_modules/node-mysql/lib/node-mysql.js":{"path":"/home/travis/build/npmtest/node-npmtest-node-mysql/node_modules/node-mysql/lib/node-mysql.js","s":{"1":1,"2":1,"3":1,"4":1,"5":1,"6":0,"7":0,"8":0,"9":0,"10":0,"11":0,"12":0,"13":0,"14":0,"15":0,"16":0,"17":0,"18":0,"19":0,"20":0,"21":0,"22":0,"23":0,"24":0,"25":0,"26":0,"27":0,"28":0,"29":0,"30":0,"31":0,"32":0,"33":0,"34":0,"35":0,"36":0,"37":0,"38":0,"39":0,"40":0,"41":0,"42":0,"43":0,"44":0,"45":0,"46":0,"47":0,"48":0,"49":1,"50":1},"b":{"1":[0,0],"2":[0,0],"3":[0,0],"4":[0,0],"5":[0,0],"6":[0,0],"7":[0,0],"8":[0,0],"9":[0,0]},"f":{"1":0,"2":0,"3":0,"4":0,"5":0,"6":0,"7":0,"8":0,"9":0,"10":0,"11":0,"12":0},"fnMap":{"1":{"name":"(anonymous_1)","line":8,"loc":{"start":{"line":8,"column":11},"end":{"line":8,"column":25}}},"2":{"name":"(anonymous_2)","line":13,"loc":{"start":{"line":13,"column":9},"end":{"line":13,"column":23}}},"3":{"name":"(anonymous_3)","line":18,"loc":{"start":{"line":18,"column":26},"end":{"line":18,"column":42}}},"4":{"name":"(anonymous_4)","line":20,"loc":{"start":{"line":20,"column":23},"end":{"line":20,"column":38}}},"5":{"name":"(anonymous_5)","line":37,"loc":{"start":{"line":37,"column":28},"end":{"line":37,"column":44}}},"6":{"name":"(anonymous_6)","line":39,"loc":{"start":{"line":39,"column":23},"end":{"line":39,"column":34}}},"7":{"name":"(anonymous_7)","line":68,"loc":{"start":{"line":68,"column":11},"end":{"line":68,"column":22}}},"8":{"name":"(anonymous_8)","line":69,"loc":{"start":{"line":69,"column":24},"end":{"line":69,"column":35}}},"9":{"name":"(anonymous_9)","line":77,"loc":{"start":{"line":77,"column":12},"end":{"line":77,"column":26}}},"10":{"name":"(anonymous_10)","line":88,"loc":{"start":{"line":88,"column":26},"end":{"line":88,"column":42}}},"11":{"name":"(anonymous_11)","line":102,"loc":{"start":{"line":102,"column":28},"end":{"line":102,"column":44}}},"12":{"name":"(anonymous_12)","line":121,"loc":{"start":{"line":121,"column":9},"end":{"line":121,"column":24}}}},"statementMap":{"1":{"start":{"line":2,"column":0},"end":{"line":2,"column":39}},"2":{"start":{"line":3,"column":0},"end":{"line":3,"column":31}},"3":{"start":{"line":4,"column":0},"end":{"line":4,"column":29}},"4":{"start":{"line":5,"column":0},"end":{"line":5,"column":31}},"5":{"start":{"line":7,"column":0},"end":{"line":124,"column":3}},"6":{"start":{"line":9,"column":8},"end":{"line":9,"column":42}},"7":{"start":{"line":10,"column":8},"end":{"line":10,"column":26}},"8":{"start":{"line":14,"column":8},"end":{"line":14,"column":22}},"9":{"start":{"line":16,"column":8},"end":{"line":16,"column":23}},"10":{"start":{"line":18,"column":8},"end":{"line":27,"column":10}},"11":{"start":{"line":19,"column":12},"end":{"line":25,"column":15}},"12":{"start":{"line":21,"column":20},"end":{"line":23,"column":23}},"13":{"start":{"line":26,"column":12},"end":{"line":26,"column":56}},"14":{"start":{"line":29,"column":8},"end":{"line":29,"column":37}},"15":{"start":{"line":31,"column":8},"end":{"line":34,"column":11}},"16":{"start":{"line":37,"column":8},"end":{"line":53,"column":10}},"17":{"start":{"line":38,"column":12},"end":{"line":50,"column":15}},"18":{"start":{"line":40,"column":20},"end":{"line":48,"column":23}},"19":{"start":{"line":52,"column":12},"end":{"line":52,"column":60}},"20":{"start":{"line":55,"column":8},"end":{"line":55,"column":46}},"21":{"start":{"line":56,"column":8},"end":{"line":56,"column":37}},"22":{"start":{"line":58,"column":8},"end":{"line":61,"column":11}},"23":{"start":{"line":63,"column":8},"end":{"line":63,"column":39}},"24":{"start":{"line":65,"column":8},"end":{"line":65,"column":21}},"25":{"start":{"line":69,"column":8},"end":{"line":71,"column":10}},"26":{"start":{"line":70,"column":12},"end":{"line":70,"column":50}},"27":{"start":{"line":73,"column":8},"end":{"line":73,"column":35}},"28":{"start":{"line":74,"column":8},"end":{"line":74,"column":31}},"29":{"start":{"line":78,"column":8},"end":{"line":78,"column":40}},"30":{"start":{"line":80,"column":8},"end":{"line":82,"column":9}},"31":{"start":{"line":81,"column":12},"end":{"line":81,"column":99}},"32":{"start":{"line":84,"column":8},"end":{"line":84,"column":23}},"33":{"start":{"line":86,"column":8},"end":{"line":86,"column":47}},"34":{"start":{"line":88,"column":8},"end":{"line":91,"column":10}},"35":{"start":{"line":89,"column":12},"end":{"line":89,"column":49}},"36":{"start":{"line":90,"column":12},"end":{"line":90,"column":52}},"37":{"start":{"line":93,"column":8},"end":{"line":93,"column":37}},"38":{"start":{"line":95,"column":8},"end":{"line":98,"column":11}},"39":{"start":{"line":100,"column":8},"end":{"line":100,"column":51}},"40":{"start":{"line":102,"column":8},"end":{"line":105,"column":10}},"41":{"start":{"line":103,"column":12},"end":{"line":103,"column":51}},"42":{"start":{"line":104,"column":12},"end":{"line":104,"column":54}},"43":{"start":{"line":107,"column":8},"end":{"line":107,"column":46}},"44":{"start":{"line":109,"column":8},"end":{"line":109,"column":37}},"45":{"start":{"line":111,"column":8},"end":{"line":114,"column":11}},"46":{"start":{"line":116,"column":8},"end":{"line":116,"column":39}},"47":{"start":{"line":118,"column":8},"end":{"line":118,"column":21}},"48":{"start":{"line":122,"column":8},"end":{"line":122,"column":34}},"49":{"start":{"line":126,"column":0},"end":{"line":126,"column":23}},"50":{"start":{"line":128,"column":0},"end":{"line":133,"column":1}}},"branchMap":{"1":{"line":26,"type":"binary-expr","locations":[{"start":{"line":26,"column":41},"end":{"line":26,"column":48}},{"start":{"line":26,"column":52},"end":{"line":26,"column":54}}]},"2":{"line":44,"type":"binary-expr","locations":[{"start":{"line":44,"column":37},"end":{"line":44,"column":52}},{"start":{"line":44,"column":56},"end":{"line":44,"column":60}}]},"3":{"line":45,"type":"binary-expr","locations":[{"start":{"line":45,"column":42},"end":{"line":45,"column":62}},{"start":{"line":45,"column":66},"end":{"line":45,"column":75}}]},"4":{"line":46,"type":"binary-expr","locations":[{"start":{"line":46,"column":42},"end":{"line":46,"column":62}},{"start":{"line":46,"column":66},"end":{"line":46,"column":80}}]},"5":{"line":47,"type":"binary-expr","locations":[{"start":{"line":47,"column":42},"end":{"line":47,"column":62}},{"start":{"line":47,"column":66},"end":{"line":47,"column":80}}]},"6":{"line":52,"type":"binary-expr","locations":[{"start":{"line":52,"column":43},"end":{"line":52,"column":52}},{"start":{"line":52,"column":56},"end":{"line":52,"column":58}}]},"7":{"line":80,"type":"if","locations":[{"start":{"line":80,"column":8},"end":{"line":80,"column":8}},{"start":{"line":80,"column":8},"end":{"line":80,"column":8}}]},"8":{"line":90,"type":"binary-expr","locations":[{"start":{"line":90,"column":37},"end":{"line":90,"column":44}},{"start":{"line":90,"column":48},"end":{"line":90,"column":50}}]},"9":{"line":104,"type":"binary-expr","locations":[{"start":{"line":104,"column":37},"end":{"line":104,"column":46}},{"start":{"line":104,"column":50},"end":{"line":104,"column":52}}]}},"code":["","var Class = require('better-js-class');","var $U = require('underscore');","var _DB = require('./db.js');","var $M = require('./model.js');","","var DB = Class(_DB, {","    _init: function(cfg) {","        this.parent._init.call(this, cfg);","        this._models = {};","    },","","    add: function(cfg) {","        var me = this;","","        var model = {};","","        var RowTemplate = function(model) {","            var closedRowClass = Class($M.Row, {","                _init: function(data) {","                    this.parent._init.call(this, data, {","                        table: model.Table","                    });","                }","            });","            return Class(closedRowClass, cfg.Row || {});","        };","","        var Row = RowTemplate(model);","","        $U.extend(model, {","            Row: Row,","            _RowTemplate: RowTemplate","        });","","","        var TableTemplate = function(model) {","            var closedTableClass = Class($M.Table, {","                _init: function() {","                    this.parent._init.call(this, {","                        db: me,","                        name: cfg.name,","                        rowClass: model.Row,","                        idFieldName: cfg.idFieldName || 'id',","                        versionFieldName: cfg.versionFieldName || 'version',","                        createdFieldName: cfg.createdFieldName || 'date_created',","                        updatedFieldName: cfg.updatedFieldName || 'last_updated'","                    });","                }","            });","","            return Class(closedTableClass, cfg.Table || {});","        };","","        var TableClass = TableTemplate(model);","        var Table = new TableClass();","","        $U.extend(model, {","            Table: Table,","            _TableTemplate: TableTemplate","        });","","        this._models[cfg.name] = model;","","        return Table;","    },","","    clone: function() {","        var tempClass = function() {","            this._models = $U.clone(this._models);","        };","","        tempClass.prototype = this;","        return new tempClass();","    },","","    extend: function(cfg) {","        var _model = this.get(cfg.name);","","        if (!_model) {","            throw new Error('node-mysql-runtime-error: db.extend can not be used on empty model.');","        }","","        var model = {};","","        var _RowTemplate = _model._RowTemplate;","","        var RowTemplate = function(model) {","            var superClass = _RowTemplate(model);","            return Class(superClass, cfg.Row || {});","        };","","        var Row = RowTemplate(model);","","        $U.extend(model, {","            Row: Row,","            _RowTemplate: RowTemplate","        });","","        var _TableTemplate = _model._TableTemplate;","","        var TableTemplate = function(model) {","            var superClass = _TableTemplate(model);","            return Class(superClass, cfg.Table || {});","        };","","        var TableClass = TableTemplate(model);","","        var Table = new TableClass();","","        $U.extend(model, {","            Table: Table,","            _TableTemplate: TableTemplate","        });","","        this._models[cfg.name] = model;","","        return Table;","    },","","    get: function(name) {","        return this._models[name];","    }","});","","DB.format = _DB.format;","","module.exports = {","    DB: DB,","    Row: $M.Row,","    Table: $M.Table,","    OPTIMISTIC_LOCK_EXCEPTION: $M.OPTIMISTIC_LOCK_EXCEPTION","}","","",""],"l":{"2":1,"3":1,"4":1,"5":1,"7":1,"9":0,"10":0,"14":0,"16":0,"18":0,"19":0,"21":0,"26":0,"29":0,"31":0,"37":0,"38":0,"40":0,"52":0,"55":0,"56":0,"58":0,"63":0,"65":0,"69":0,"70":0,"73":0,"74":0,"78":0,"80":0,"81":0,"84":0,"86":0,"88":0,"89":0,"90":0,"93":0,"95":0,"100":0,"102":0,"103":0,"104":0,"107":0,"109":0,"111":0,"116":0,"118":0,"122":0,"126":1,"128":1}},"/home/travis/build/npmtest/node-npmtest-node-mysql/node_modules/node-mysql/lib/db.js":{"path":"/home/travis/build/npmtest/node-npmtest-node-mysql/node_modules/node-mysql/lib/db.js","s":{"1":1,"2":1,"3":1,"4":1,"5":1,"6":0,"7":0,"8":1,"9":1,"10":0,"11":0,"12":0,"13":0,"14":0,"15":0,"16":0,"17":0,"18":0,"19":0,"20":0,"21":0,"22":0,"23":0,"24":0,"25":0,"26":0,"27":0,"28":0,"29":0,"30":0,"31":0,"32":0,"33":0,"34":0,"35":0,"36":0,"37":0,"38":0,"39":0,"40":0,"41":0,"42":0,"43":0,"44":0,"45":0,"46":0,"47":0,"48":0,"49":0,"50":0,"51":0,"52":0,"53":0,"54":0,"55":0,"56":0,"57":0,"58":0,"59":0,"60":0,"61":0,"62":0,"63":0,"64":0,"65":0,"66":0,"67":0,"68":0,"69":0,"70":0,"71":0,"72":0,"73":0,"74":0,"75":0,"76":0,"77":0,"78":0,"79":0,"80":0,"81":0,"82":0,"83":0,"84":0,"85":0,"86":0,"87":0,"88":0,"89":0,"90":0,"91":0,"92":0,"93":0,"94":0,"95":0,"96":0,"97":0,"98":0,"99":0,"100":0,"101":0,"102":0,"103":0,"104":0,"105":0,"106":0,"107":0,"108":0,"109":0,"110":0,"111":0,"112":0,"113":0,"114":0,"115":0,"116":0,"117":0,"118":0,"119":0,"120":0,"121":1,"122":0,"123":0,"124":0,"125":0,"126":0,"127":0,"128":0,"129":0,"130":0,"131":1},"b":{"1":[0,0],"2":[0,0],"3":[0,0],"4":[0,0],"5":[0,0],"6":[0,0],"7":[0,0],"8":[0,0],"9":[0,0],"10":[0,0],"11":[0,0],"12":[0,0]},"f":{"1":0,"2":1,"3":0,"4":0,"5":0,"6":0,"7":0,"8":0,"9":0,"10":0,"11":0,"12":0,"13":0,"14":0,"15":0,"16":0,"17":0,"18":0,"19":0,"20":0,"21":0,"22":0,"23":0,"24":0,"25":0,"26":0,"27":0,"28":0,"29":0,"30":0,"31":0,"32":0,"33":0,"34":0,"35":0,"36":0,"37":0,"38":0,"39":0,"40":0,"41":0,"42":0,"43":0,"44":0,"45":0,"46":0,"47":0,"48":0,"49":0,"50":0,"51":0},"fnMap":{"1":{"name":"(anonymous_1)","line":10,"loc":{"start":{"line":10,"column":15},"end":{"line":10,"column":27}}},"2":{"name":"(anonymous_2)","line":17,"loc":{"start":{"line":17,"column":17},"end":{"line":17,"column":28}}},"3":{"name":"(anonymous_3)","line":19,"loc":{"start":{"line":19,"column":15},"end":{"line":19,"column":29}}},"4":{"name":"(anonymous_4)","line":46,"loc":{"start":{"line":46,"column":19},"end":{"line":46,"column":43}}},"5":{"name":"(anonymous_5)","line":57,"loc":{"start":{"line":57,"column":17},"end":{"line":57,"column":36}}},"6":{"name":"(anonymous_6)","line":61,"loc":{"start":{"line":61,"column":16},"end":{"line":61,"column":32}}},"7":{"name":"(anonymous_7)","line":64,"loc":{"start":{"line":64,"column":16},"end":{"line":64,"column":32}}},"8":{"name":"(anonymous_8)","line":70,"loc":{"start":{"line":70,"column":18},"end":{"line":70,"column":31}}},"9":{"name":"(anonymous_9)","line":79,"loc":{"start":{"line":79,"column":36},"end":{"line":79,"column":55}}},"10":{"name":"(anonymous_10)","line":81,"loc":{"start":{"line":81,"column":20},"end":{"line":81,"column":38}}},"11":{"name":"(anonymous_11)","line":84,"loc":{"start":{"line":84,"column":20},"end":{"line":84,"column":41}}},"12":{"name":"(anonymous_12)","line":85,"loc":{"start":{"line":85,"column":42},"end":{"line":85,"column":62}}},"13":{"name":"(anonymous_13)","line":88,"loc":{"start":{"line":88,"column":32},"end":{"line":88,"column":48}}},"14":{"name":"(anonymous_14)","line":91,"loc":{"start":{"line":91,"column":32},"end":{"line":91,"column":54}}},"15":{"name":"(anonymous_15)","line":92,"loc":{"start":{"line":92,"column":76},"end":{"line":92,"column":93}}},"16":{"name":"(anonymous_16)","line":105,"loc":{"start":{"line":105,"column":18},"end":{"line":105,"column":43}}},"17":{"name":"(anonymous_17)","line":109,"loc":{"start":{"line":109,"column":16},"end":{"line":109,"column":32}}},"18":{"name":"(anonymous_18)","line":112,"loc":{"start":{"line":112,"column":16},"end":{"line":112,"column":34}}},"19":{"name":"(anonymous_19)","line":115,"loc":{"start":{"line":115,"column":31},"end":{"line":115,"column":44}}},"20":{"name":"(anonymous_20)","line":118,"loc":{"start":{"line":118,"column":35},"end":{"line":118,"column":48}}},"21":{"name":"(anonymous_21)","line":128,"loc":{"start":{"line":128,"column":21},"end":{"line":128,"column":46}}},"22":{"name":"(anonymous_22)","line":143,"loc":{"start":{"line":143,"column":20},"end":{"line":143,"column":36}}},"23":{"name":"(anonymous_23)","line":151,"loc":{"start":{"line":151,"column":20},"end":{"line":151,"column":36}}},"24":{"name":"(anonymous_24)","line":152,"loc":{"start":{"line":152,"column":57},"end":{"line":152,"column":76}}},"25":{"name":"(anonymous_25)","line":156,"loc":{"start":{"line":156,"column":39},"end":{"line":156,"column":52}}},"26":{"name":"(anonymous_26)","line":158,"loc":{"start":{"line":158,"column":40},"end":{"line":158,"column":56}}},"27":{"name":"(anonymous_27)","line":162,"loc":{"start":{"line":162,"column":40},"end":{"line":162,"column":56}}},"28":{"name":"(anonymous_28)","line":164,"loc":{"start":{"line":164,"column":55},"end":{"line":164,"column":68}}},"29":{"name":"(anonymous_29)","line":166,"loc":{"start":{"line":166,"column":56},"end":{"line":166,"column":72}}},"30":{"name":"(anonymous_30)","line":169,"loc":{"start":{"line":169,"column":56},"end":{"line":169,"column":74}}},"31":{"name":"(anonymous_31)","line":174,"loc":{"start":{"line":174,"column":56},"end":{"line":174,"column":72}}},"32":{"name":"(anonymous_32)","line":180,"loc":{"start":{"line":180,"column":57},"end":{"line":180,"column":75}}},"33":{"name":"(anonymous_33)","line":182,"loc":{"start":{"line":182,"column":56},"end":{"line":182,"column":72}}},"34":{"name":"(anonymous_34)","line":186,"loc":{"start":{"line":186,"column":56},"end":{"line":186,"column":72}}},"35":{"name":"(anonymous_35)","line":196,"loc":{"start":{"line":196,"column":43},"end":{"line":196,"column":56}}},"36":{"name":"(anonymous_36)","line":209,"loc":{"start":{"line":209,"column":16},"end":{"line":209,"column":39}}},"37":{"name":"(anonymous_37)","line":219,"loc":{"start":{"line":219,"column":21},"end":{"line":219,"column":40}}},"38":{"name":"(anonymous_38)","line":228,"loc":{"start":{"line":228,"column":43},"end":{"line":228,"column":63}}},"39":{"name":"(anonymous_39)","line":231,"loc":{"start":{"line":231,"column":33},"end":{"line":231,"column":47}}},"40":{"name":"(anonymous_40)","line":236,"loc":{"start":{"line":236,"column":34},"end":{"line":236,"column":48}}},"41":{"name":"(anonymous_41)","line":240,"loc":{"start":{"line":240,"column":33},"end":{"line":240,"column":52}}},"42":{"name":"(anonymous_42)","line":250,"loc":{"start":{"line":250,"column":28},"end":{"line":250,"column":44}}},"43":{"name":"(anonymous_43)","line":256,"loc":{"start":{"line":256,"column":31},"end":{"line":256,"column":42}}},"44":{"name":"(anonymous_44)","line":265,"loc":{"start":{"line":265,"column":26},"end":{"line":265,"column":41}}},"45":{"name":"(anonymous_45)","line":269,"loc":{"start":{"line":269,"column":27},"end":{"line":269,"column":42}}},"46":{"name":"(anonymous_46)","line":273,"loc":{"start":{"line":273,"column":27},"end":{"line":273,"column":42}}},"47":{"name":"(anonymous_47)","line":277,"loc":{"start":{"line":277,"column":13},"end":{"line":277,"column":24}}},"48":{"name":"(anonymous_48)","line":287,"loc":{"start":{"line":287,"column":23},"end":{"line":287,"column":36}}},"49":{"name":"(anonymous_49)","line":291,"loc":{"start":{"line":291,"column":16},"end":{"line":291,"column":32}}},"50":{"name":"(anonymous_50)","line":294,"loc":{"start":{"line":294,"column":16},"end":{"line":294,"column":32}}},"51":{"name":"(anonymous_51)","line":302,"loc":{"start":{"line":302,"column":16},"end":{"line":302,"column":40}}}},"statementMap":{"1":{"start":{"line":2,"column":0},"end":{"line":2,"column":39}},"2":{"start":{"line":4,"column":0},"end":{"line":4,"column":25}},"3":{"start":{"line":6,"column":0},"end":{"line":6,"column":29}},"4":{"start":{"line":8,"column":0},"end":{"line":8,"column":31}},"5":{"start":{"line":10,"column":0},"end":{"line":14,"column":2}},"6":{"start":{"line":11,"column":4},"end":{"line":13,"column":5}},"7":{"start":{"line":12,"column":8},"end":{"line":12,"column":20}},"8":{"start":{"line":17,"column":0},"end":{"line":323,"column":4}},"9":{"start":{"line":18,"column":4},"end":{"line":299,"column":7}},"10":{"start":{"line":20,"column":12},"end":{"line":20,"column":60}},"11":{"start":{"line":21,"column":12},"end":{"line":21,"column":41}},"12":{"start":{"line":23,"column":12},"end":{"line":23,"column":50}},"13":{"start":{"line":24,"column":12},"end":{"line":24,"column":36}},"14":{"start":{"line":26,"column":12},"end":{"line":26,"column":28}},"15":{"start":{"line":28,"column":12},"end":{"line":28,"column":53}},"16":{"start":{"line":30,"column":12},"end":{"line":34,"column":13}},"17":{"start":{"line":31,"column":16},"end":{"line":31,"column":80}},"18":{"start":{"line":33,"column":16},"end":{"line":33,"column":79}},"19":{"start":{"line":36,"column":12},"end":{"line":40,"column":13}},"20":{"start":{"line":37,"column":16},"end":{"line":37,"column":70}},"21":{"start":{"line":39,"column":16},"end":{"line":39,"column":69}},"22":{"start":{"line":42,"column":12},"end":{"line":42,"column":30}},"23":{"start":{"line":43,"column":12},"end":{"line":43,"column":35}},"24":{"start":{"line":47,"column":12},"end":{"line":47,"column":25}},"25":{"start":{"line":49,"column":12},"end":{"line":51,"column":13}},"26":{"start":{"line":50,"column":16},"end":{"line":50,"column":32}},"27":{"start":{"line":53,"column":12},"end":{"line":53,"column":37}},"28":{"start":{"line":54,"column":12},"end":{"line":54,"column":23}},"29":{"start":{"line":58,"column":12},"end":{"line":58,"column":26}},"30":{"start":{"line":60,"column":12},"end":{"line":67,"column":19}},"31":{"start":{"line":62,"column":20},"end":{"line":62,"column":36}},"32":{"start":{"line":65,"column":20},"end":{"line":65,"column":52}},"33":{"start":{"line":71,"column":12},"end":{"line":73,"column":13}},"34":{"start":{"line":72,"column":16},"end":{"line":72,"column":28}},"35":{"start":{"line":76,"column":12},"end":{"line":76,"column":26}},"36":{"start":{"line":77,"column":12},"end":{"line":77,"column":21}},"37":{"start":{"line":79,"column":12},"end":{"line":102,"column":19}},"38":{"start":{"line":80,"column":16},"end":{"line":101,"column":23}},"39":{"start":{"line":82,"column":24},"end":{"line":82,"column":54}},"40":{"start":{"line":85,"column":24},"end":{"line":99,"column":31}},"41":{"start":{"line":86,"column":28},"end":{"line":86,"column":60}},"42":{"start":{"line":87,"column":28},"end":{"line":98,"column":35}},"43":{"start":{"line":89,"column":36},"end":{"line":89,"column":72}},"44":{"start":{"line":92,"column":36},"end":{"line":94,"column":39}},"45":{"start":{"line":93,"column":40},"end":{"line":93,"column":63}},"46":{"start":{"line":95,"column":36},"end":{"line":95,"column":56}},"47":{"start":{"line":96,"column":36},"end":{"line":96,"column":41}},"48":{"start":{"line":106,"column":12},"end":{"line":106,"column":26}},"49":{"start":{"line":107,"column":12},"end":{"line":107,"column":21}},"50":{"start":{"line":108,"column":12},"end":{"line":125,"column":19}},"51":{"start":{"line":110,"column":20},"end":{"line":110,"column":43}},"52":{"start":{"line":113,"column":20},"end":{"line":113,"column":31}},"53":{"start":{"line":114,"column":20},"end":{"line":123,"column":27}},"54":{"start":{"line":116,"column":28},"end":{"line":116,"column":43}},"55":{"start":{"line":120,"column":28},"end":{"line":120,"column":43}},"56":{"start":{"line":121,"column":28},"end":{"line":121,"column":33}},"57":{"start":{"line":129,"column":12},"end":{"line":129,"column":26}},"58":{"start":{"line":131,"column":12},"end":{"line":134,"column":13}},"59":{"start":{"line":132,"column":16},"end":{"line":132,"column":61}},"60":{"start":{"line":133,"column":16},"end":{"line":133,"column":23}},"61":{"start":{"line":136,"column":12},"end":{"line":136,"column":24}},"62":{"start":{"line":137,"column":12},"end":{"line":137,"column":26}},"63":{"start":{"line":139,"column":12},"end":{"line":206,"column":13}},"64":{"start":{"line":140,"column":16},"end":{"line":140,"column":31}},"65":{"start":{"line":142,"column":16},"end":{"line":205,"column":23}},"66":{"start":{"line":144,"column":24},"end":{"line":144,"column":40}},"67":{"start":{"line":152,"column":24},"end":{"line":203,"column":31}},"68":{"start":{"line":153,"column":28},"end":{"line":153,"column":55}},"69":{"start":{"line":154,"column":28},"end":{"line":154,"column":43}},"70":{"start":{"line":155,"column":28},"end":{"line":202,"column":35}},"71":{"start":{"line":157,"column":36},"end":{"line":194,"column":43}},"72":{"start":{"line":160,"column":44},"end":{"line":160,"column":83}},"73":{"start":{"line":163,"column":44},"end":{"line":192,"column":51}},"74":{"start":{"line":165,"column":52},"end":{"line":178,"column":59}},"75":{"start":{"line":167,"column":60},"end":{"line":167,"column":78}},"76":{"start":{"line":170,"column":60},"end":{"line":170,"column":76}},"77":{"start":{"line":172,"column":60},"end":{"line":172,"column":88}},"78":{"start":{"line":176,"column":60},"end":{"line":176,"column":80}},"79":{"start":{"line":181,"column":52},"end":{"line":190,"column":59}},"80":{"start":{"line":184,"column":60},"end":{"line":184,"column":90}},"81":{"start":{"line":188,"column":60},"end":{"line":188,"column":71}},"82":{"start":{"line":199,"column":36},"end":{"line":199,"column":66}},"83":{"start":{"line":200,"column":36},"end":{"line":200,"column":41}},"84":{"start":{"line":210,"column":12},"end":{"line":210,"column":26}},"85":{"start":{"line":212,"column":12},"end":{"line":215,"column":13}},"86":{"start":{"line":213,"column":16},"end":{"line":213,"column":57}},"87":{"start":{"line":214,"column":16},"end":{"line":214,"column":23}},"88":{"start":{"line":217,"column":12},"end":{"line":217,"column":33}},"89":{"start":{"line":219,"column":12},"end":{"line":225,"column":13}},"90":{"start":{"line":220,"column":16},"end":{"line":224,"column":17}},"91":{"start":{"line":221,"column":20},"end":{"line":221,"column":36}},"92":{"start":{"line":222,"column":20},"end":{"line":222,"column":34}},"93":{"start":{"line":227,"column":12},"end":{"line":227,"column":30}},"94":{"start":{"line":228,"column":12},"end":{"line":262,"column":15}},"95":{"start":{"line":229,"column":16},"end":{"line":229,"column":42}},"96":{"start":{"line":230,"column":16},"end":{"line":261,"column":17}},"97":{"start":{"line":233,"column":24},"end":{"line":233,"column":39}},"98":{"start":{"line":234,"column":24},"end":{"line":234,"column":43}},"99":{"start":{"line":238,"column":24},"end":{"line":238,"column":37}},"100":{"start":{"line":240,"column":24},"end":{"line":247,"column":26}},"101":{"start":{"line":241,"column":28},"end":{"line":246,"column":29}},"102":{"start":{"line":242,"column":32},"end":{"line":242,"column":47}},"103":{"start":{"line":243,"column":32},"end":{"line":243,"column":45}},"104":{"start":{"line":245,"column":32},"end":{"line":245,"column":46}},"105":{"start":{"line":249,"column":24},"end":{"line":254,"column":31}},"106":{"start":{"line":252,"column":32},"end":{"line":252,"column":46}},"107":{"start":{"line":258,"column":24},"end":{"line":258,"column":39}},"108":{"start":{"line":259,"column":24},"end":{"line":259,"column":29}},"109":{"start":{"line":266,"column":12},"end":{"line":266,"column":56}},"110":{"start":{"line":270,"column":12},"end":{"line":270,"column":40}},"111":{"start":{"line":274,"column":12},"end":{"line":274,"column":41}},"112":{"start":{"line":278,"column":12},"end":{"line":278,"column":29}},"113":{"start":{"line":279,"column":12},"end":{"line":281,"column":13}},"114":{"start":{"line":280,"column":16},"end":{"line":280,"column":44}},"115":{"start":{"line":282,"column":12},"end":{"line":284,"column":13}},"116":{"start":{"line":283,"column":16},"end":{"line":283,"column":39}},"117":{"start":{"line":288,"column":12},"end":{"line":288,"column":26}},"118":{"start":{"line":290,"column":12},"end":{"line":297,"column":19}},"119":{"start":{"line":292,"column":20},"end":{"line":292,"column":36}},"120":{"start":{"line":295,"column":20},"end":{"line":295,"column":47}},"121":{"start":{"line":301,"column":4},"end":{"line":320,"column":7}},"122":{"start":{"line":303,"column":12},"end":{"line":303,"column":34}},"123":{"start":{"line":305,"column":12},"end":{"line":307,"column":13}},"124":{"start":{"line":306,"column":16},"end":{"line":306,"column":59}},"125":{"start":{"line":309,"column":12},"end":{"line":309,"column":25}},"126":{"start":{"line":311,"column":12},"end":{"line":314,"column":13}},"127":{"start":{"line":312,"column":16},"end":{"line":312,"column":31}},"128":{"start":{"line":313,"column":16},"end":{"line":313,"column":52}},"129":{"start":{"line":316,"column":12},"end":{"line":316,"column":38}},"130":{"start":{"line":318,"column":12},"end":{"line":318,"column":33}},"131":{"start":{"line":322,"column":4},"end":{"line":322,"column":14}}},"branchMap":{"1":{"line":30,"type":"if","locations":[{"start":{"line":30,"column":12},"end":{"line":30,"column":12}},{"start":{"line":30,"column":12},"end":{"line":30,"column":12}}]},"2":{"line":36,"type":"if","locations":[{"start":{"line":36,"column":12},"end":{"line":36,"column":12}},{"start":{"line":36,"column":12},"end":{"line":36,"column":12}}]},"3":{"line":71,"type":"if","locations":[{"start":{"line":71,"column":12},"end":{"line":71,"column":12}},{"start":{"line":71,"column":12},"end":{"line":71,"column":12}}]},"4":{"line":131,"type":"if","locations":[{"start":{"line":131,"column":12},"end":{"line":131,"column":12}},{"start":{"line":131,"column":12},"end":{"line":131,"column":12}}]},"5":{"line":139,"type":"if","locations":[{"start":{"line":139,"column":12},"end":{"line":139,"column":12}},{"start":{"line":139,"column":12},"end":{"line":139,"column":12}}]},"6":{"line":212,"type":"if","locations":[{"start":{"line":212,"column":12},"end":{"line":212,"column":12}},{"start":{"line":212,"column":12},"end":{"line":212,"column":12}}]},"7":{"line":220,"type":"if","locations":[{"start":{"line":220,"column":16},"end":{"line":220,"column":16}},{"start":{"line":220,"column":16},"end":{"line":220,"column":16}}]},"8":{"line":241,"type":"if","locations":[{"start":{"line":241,"column":28},"end":{"line":241,"column":28}},{"start":{"line":241,"column":28},"end":{"line":241,"column":28}}]},"9":{"line":266,"type":"binary-expr","locations":[{"start":{"line":266,"column":19},"end":{"line":266,"column":31}},{"start":{"line":266,"column":35},"end":{"line":266,"column":55}}]},"10":{"line":279,"type":"if","locations":[{"start":{"line":279,"column":12},"end":{"line":279,"column":12}},{"start":{"line":279,"column":12},"end":{"line":279,"column":12}}]},"11":{"line":282,"type":"if","locations":[{"start":{"line":282,"column":12},"end":{"line":282,"column":12}},{"start":{"line":282,"column":12},"end":{"line":282,"column":12}}]},"12":{"line":305,"type":"if","locations":[{"start":{"line":305,"column":12},"end":{"line":305,"column":12}},{"start":{"line":305,"column":12},"end":{"line":305,"column":12}}]}},"code":["","var Class = require('better-js-class');","","var cps = require('cps');","","var mysql = require('mysql');","","var $U = require('underscore');
[...]
134,"column":12},"end":{"line":134,"column":12}},{"start":{"line":134,"column":12},"end":{"line":134,"column":12}}]},"6":{"line":139,"type":"if","locations":[{"start":{"line":139,"column":12},"end":{"line":139,"column":12}},{"start":{"line":139,"column":12},"end":{"line":139,"column":12}}]},"7":{"line":144,"type":"if","locations":[{"start":{"line":144,"column":12},"end":{"line":144,"column":12}},{"start":{"line":144,"column":12},"end":{"line":144,"column":12}}]},"8":{"line":153,"type":"if","locations":[{"start":{"line":153,"column":12},"end":{"line":153,"column":12}},{"start":{"line":153,"column":12},"end":{"line":153,"column":12}}]},"9":{"line":165,"type":"if","locations":[{"start":{"line":165,"column":12},"end":{"line":165,"column":12}},{"start":{"line":165,"column":12},"end":{"line":165,"column":12}}]},"10":{"line":186,"type":"if","locations":[{"start":{"line":186,"column":12},"end":{"line":186,"column":12}},{"start":{"line":186,"column":12},"end":{"line":186,"column":12}}]},"11":{"line":206,"type":"if","locations":[{"start":{"line":206,"column":12},"end":{"line":206,"column":12}},{"start":{"line":206,"column":12},"end":{"line":206,"column":12}}]},"12":{"line":235,"type":"binary-expr","locations":[{"start":{"line":235,"column":32},"end":{"line":235,"column":47}},{"start":{"line":235,"column":51},"end":{"line":235,"column":55}}]},"13":{"line":236,"type":"binary-expr","locations":[{"start":{"line":236,"column":37},"end":{"line":236,"column":57}},{"start":{"line":236,"column":61},"end":{"line":236,"column":70}}]},"14":{"line":237,"type":"binary-expr","locations":[{"start":{"line":237,"column":37},"end":{"line":237,"column":57}},{"start":{"line":237,"column":61},"end":{"line":237,"column":75}}]},"15":{"line":238,"type":"binary-expr","locations":[{"start":{"line":238,"column":37},"end":{"line":238,"column":57}},{"start":{"line":238,"column":61},"end":{"line":238,"column":75}}]},"16":{"line":270,"type":"if","locations":[{"start":{"line":270,"column":12},"end":{"line":270,"column":12}},{"start":{"line":270,"column":12},"end":{"line":270,"column":12}}]},"17":{"line":273,"type":"if","locations":[{"start":{"line":273,"column":12},"end":{"line":273,"column":12}},{"start":{"line":273,"column":12},"end":{"line":273,"column":12}}]},"18":{"line":281,"type":"cond-expr","locations":[{"start":{"line":281,"column":45},"end":{"line":281,"column":49}},{"start":{"line":281,"column":51},"end":{"line":281,"column":57}}]},"19":{"line":289,"type":"if","locations":[{"start":{"line":289,"column":12},"end":{"line":289,"column":12}},{"start":{"line":289,"column":12},"end":{"line":289,"column":12}}]},"20":{"line":322,"type":"if","locations":[{"start":{"line":322,"column":16},"end":{"line":322,"column":16}},{"start":{"line":322,"column":16},"end":{"line":322,"column":16}}]},"21":{"line":358,"type":"if","locations":[{"start":{"line":358,"column":12},"end":{"line":358,"column":12}},{"start":{"line":358,"column":12},"end":{"line":358,"column":12}}]},"22":{"line":359,"type":"if","locations":[{"start":{"line":359,"column":16},"end":{"line":359,"column":16}},{"start":{"line":359,"column":16},"end":{"line":359,"column":16}}]},"23":{"line":366,"type":"if","locations":[{"start":{"line":366,"column":12},"end":{"line":366,"column":12}},{"start":{"line":366,"column":12},"end":{"line":366,"column":12}}]},"24":{"line":445,"type":"if","locations":[{"start":{"line":445,"column":12},"end":{"line":445,"column":12}},{"start":{"line":445,"column":12},"end":{"line":445,"column":12}}]},"25":{"line":453,"type":"if","locations":[{"start":{"line":453,"column":12},"end":{"line":453,"column":12}},{"start":{"line":453,"column":12},"end":{"line":453,"column":12}}]},"26":{"line":461,"type":"if","locations":[{"start":{"line":461,"column":12},"end":{"line":461,"column":12}},{"start":{"line":461,"column":12},"end":{"line":461,"column":12}}]}},"code":["","var Class = require('better-js-class');","var cps = require('cps');","var $U = require('underscore');","","var DB = require('./db.js');","","module.exports = function() {","    var Model = {","        OPTIMISTIC_LOCK_EXCEPTION: 'optimistic_lock_exception'","    };","","    var Row  = Class({","        _init: function(data, cfg) {","            this._table = cfg.table;","            this._data = data;","        },","","        getId: function() {","            return this._data[this._table.getIdFieldName()];","        },","","        _getVersion: function() {","            return this._data[this._table.getVersionFieldName()];","        },","","        _nextVersion: function() {","            return this._data[this._table.getVersionFieldName()] + 1;","        },","","        _updateLocalData: function(dto) {","            for (var k in dto) {","                var v = dto[k];","                this._data[k] = v;","            }","        },","","        _refineDtoForUpdate: function(dto) {","","            var res = {};","","            for (var k in dto) {","                if (this._table._hasUpdatableField(k)) {","                    res[k] = dto[k];","                }","            }","","            var d = new Date();","            res[this._table.getUpdatedFieldName()] = d;","","            return res;","        },","","        updateWithoutOptimisticLock: function(conn, dto, cb) {","            this._update(conn, dto, null, cb);","        },","","        update: function(conn, dto, cb) {","            var me = this;","","            dto['version'] = this._nextVersion();","            var cond = DB.format('version = ?', [this._getVersion()]);","","            cps.seq([","                function(_, cb) {","                    me._update(conn, dto, cond, cb);","                },","                function(res, cb) {","                    if (res.changedRows === 0) {","                        throw new Error(Model.OPTIMISTIC_LOCK_EXCEPTION);","                    } else {","                        cb(null, res);","                    }","                }","            ], cb);","        },","","        _update: function(conn, dto, conditions, cb) {","            var me = this;","","            // dto[this._table.getUpdatedFieldName()] = new Date();","            dto = this._refineDtoForUpdate(dto);","","            var l = [","                ' update ', this._table.getName(), ' set '","            ];","","            var first = true;","            for (var k in dto) {","                var v = dto[k];","                if (first) {","                    first = false;","                } else {","                    l.push(', ');","                }","                l.push(","                    ' ', k, ' = ', conn.escape(v)","                );","            }","","            l.push(","                ' where ', this._table.getIdFieldName(), ' = ', this.getId()","            );","","            if (conditions) {","                l.push(","                    ' and ', conditions","                );","            }","","            l.push(' ; ');","","            var q = l.join('');","","            // console.log(q);","","            cps.seq([","                function(_, cb) {","                    conn.query(q, cb);","                },","                function(res, cb) {","                    me._updateLocalData(dto);","                    cb(null, res);","                }","            ], cb);","        },","","        get: function(fieldName) {","            return this._data[fieldName]","        },","","        _load: function(conn, name, cb) {","            var cfg = this._table._lookupLinksToMap(name);","            if (cfg) {","                return this.linksTo(conn, name, cb);","            }","","            var cfg = this._table._lookupLinkedByMap(name);","            if (cfg) {","                return this.linkedBy(conn, name, cb);","            }","","            var cfg = this._table._lookupRelatesToMap(name);","            if (cfg) {","                return this.relatesTo(conn, name, cb);","            }","","            throw new Error('no linksTo or linkedBy or relatesTo: ' + name + ' defined on: ' + this._table.getName());","        },","","        load: function(conn, name, cb) {","            var value = this.get(name);","            if (value) {","                cb(null, value);","            } else {","                this._load(conn, name, cb);","            }","        },","","        linksTo: function(conn, name, cb) {","            var me = this;","","            var cfg = this._table._lookupLinksToMap(name);","","            if (cfg) {","                var otherTable = this._table._db.get(cfg.table).Table;","                return cps.seq([","                    function(_, cb) {","                        otherTable.findById(conn, me.get(cfg.key), cb);","                    },","                    function(res, cb) {","                        me._data[cfg.name] = res;","                        cb(null, res);","                    }","                ], cb);","            } else {","                throw new Error('no linksTo: ' + name + ' defined on: ' + this._table.getName());","            }","        },","","        linkedBy: function(conn, name, cb) {","            var me = this;","","            var cfg = this._table._lookupLinkedByMap(name);","","            if (cfg) {","                var otherTable = this._table._db.get(cfg.table).Table;","                return cps.seq([","                    function(_, cb) {","                        otherTable.find(conn, otherTable.baseQuery('where ' + cfg.key + ' = ?', [me.getId()]), cb);","                    },","                    function(res, cb) {","                        me._data[cfg.name] = res;","                        cb(null, me._data[cfg.name]);","                    }","                ], cb);","            } else {","                throw new Error('no linkedBy: ' + name + ' defined on: ' + this._table.getName());","            }","        },","","        relatesTo: function(conn, name, cb) {","            var me = this;","","            var cfg = this._table._lookupRelatesToMap(name);","            if (cfg) {","                var otherTable = this._table._db.get(cfg.table).Table;","                var throughTable = this._table._db.get(cfg.through).Table;","","                return cps.seq([","                    function(_, cb) {","                        var _q = 'select t.* from ' +","                                otherTable.getName()  + ' t, ' +","                                throughTable.getName() + ' r where ' +","                                'r.' + cfg['leftKey'] + ' = ? and ' +","                                'r.' + cfg['rightKey'] + ' = t.' + otherTable.getIdFieldName()","                            ;","                        var q = DB.format(_q, [me.getId()]);","                        otherTable.find(conn, q, cb);","                    },","                    function(res, cb) {","                        me._data[cfg.name] = res;","                        cb(null, me._data[cfg.name]);","                    }","                ], cb);","            } else {","                throw new Error('no relatesTo: ' + name + ' defined on: ' + this._table.getName());","            }","        }","    });","","    var Table = Class({","        _init: function(cfg) {","            this._name = cfg.name;","            this._idFieldName = cfg.idFieldName || 'id';","            this._versionFieldName = cfg.versionFieldName || 'version';","            this._createdFieldName = cfg.createdFieldName || 'date_created';","            this._updatedFieldName = cfg.updatedFieldName || 'last_updated';","","            this._rowClass = cfg['rowClass'];","            // this._schema = cfg['schema'];","            this._db = cfg['db'];","","            this._linksToMap = {};","            this._linkedByMap = {};","            this._relatesToMap = {};","        },","","        getName: function() {","            return this._name;","        },","","        getIdFieldName: function() {","            return this._idFieldName;","        },","","        getVersionFieldName: function() {","            return this._versionFieldName;","        },","","        getCreatedFieldName: function() {","            return this._createdFieldName;","        },","","        getUpdatedFieldName: function() {","            return this._updatedFieldName;","        },","","        _hasUpdatableField: function(field) {","            if (field == this.getIdFieldName()) {","                return false;","            }","            if (field == this.getCreatedFieldName()) {","                return false;","            }","            var schema = this._db._schema[this.getName()];","            return $U.contains(schema, field);","        },","","        _refineDto: function(dto, autoId) {","            autoId = (autoId === undefined)? true: autoId;","            var res = {};","","            var schema = this._db._schema[this.getName()];","            $U.each(schema, function(field) {","                res[field] = dto[field];","            });","","            if (autoId) {","                delete res[this.getIdFieldName()];","            }","","            return res;","        },","","        _refineDtoForCreate: function(dto) {","            var res = this._refineDto(dto);","","            var d = new Date();","            res[this.getCreatedFieldName()] = d;","            res[this.getUpdatedFieldName()] = d;","            res[this.getVersionFieldName()] = 0;","","            return res;","        },","","        create: function(conn, dto, cb) {","            dto = this._refineDtoForCreate(dto);","            this._create(conn, dto, cb);","        },","","        _create: function(conn, dto, cb) {","            var me = this;","","            var l = [","                ' insert into ' + this.getName() + ' set '","            ];","","            var first = true;","","            $U.each(dto, function(v, k) {","                if (first) {","                    first = false;","                } else {","                    l.push(', ');","                }","                l.push(","                    ' ', k, ' = ', conn.escape(v)","                );","            });","","            l.push(' ; ');","","            var q = l.join('');","","            // console.log(q);","","            cps.seq([","                function(_, cb) {","                    conn.query(q, cb);","                },","                function(res, cb) {","                    dto[me._idFieldName] = res.insertId;","                    cb(null, new me._rowClass(dto));","                }","            ], cb);","        },","","        clone: function(conn, dto, cb) {","            dto = this._refineDto(dto, false);","            this._create(conn, dto, cb);","        },","","        baseQuery: function(str, bindings) {","            var q = ' select * from ' + this.getName() + ' ';","            var further;","","            if (str != null) {","                if (bindings == null) {","                    further = str;","                } else {","                    further = DB.format(str, bindings);","                }","            }","","            if (further != null) {","                q += further;","            }","            return q;","        },","","        findById: function(conn, id, cb) {","            var me = this;","","            cps.seq([","                function(_, cb) {","                    me.find(conn, me.baseQuery('where ' + me.getIdFieldName() + ' = ? ', [id]), cb);","                },","                function(res) {","                    cb(null, res[0])","                }","            ], cb);","        },","","        lockById: function(conn, id, cb) {","            var me = this;","","            cps.seq([","                function(_, cb) {","                    me.find(conn, me.baseQuery('where ' + me.getIdFieldName() + ' = ? for update', [id]), cb);","                },","                function(res) {","                    cb(null, res[0])","                }","            ], cb);","        },","","        findAll: function(conn, cb) {","            this.find(conn, this.baseQuery(), cb);","        },","","        find: function(conn, q, cb) {","            var me = this;","","            cps.seq([","                function(_, cb) {","                    conn.query(q, cb);","                },","                function(res, cb) {","                    cb(null, $U.map(res, function(o) {","                        return new me._rowClass(o);","                    }));","                }","            ], cb);","        },","","        linksTo: function(cfg) {","            this._linksToMap[cfg.name] = {","                table: cfg.table,","                key: cfg.key","            };","            return this;","        },","","        linkedBy: function(cfg) {","            this._linkedByMap[cfg.name] = {","                table: cfg.table,","                key: cfg.key","            };","            return this;","        },","","        relatesTo: function(cfg) {","            this._relatesToMap[cfg.name] = {","                table: cfg.table,","                through: cfg.through,","                leftKey: cfg.leftKey,","                rightKey: cfg.rightKey","            };","            return this;","        },","","        _lookupLinksToMap: function(name) {","            var cfg = this._linksToMap[name];","            if (cfg) {","                cfg.name = name;","            }","            return cfg;","        },","","        _lookupLinkedByMap: function(name) {","            var cfg = this._linkedByMap[name];","            if (cfg) {","                cfg.name = name;","            }","            return cfg;","        },","","        _lookupRelatesToMap: function(name) {","            var cfg = this._relatesToMap[name];","            if (cfg) {","                cfg.name = name;","            }","            return cfg;","        },","","        findFirst: function(conn, q, cb) {","            var me = this;","","            cps.seq([","                function(_, cb) {","                    me.find(conn, q, cb);","                },","                function(res, cb) {","                    cb(null, res[0]);","                }","            ], cb);","        }","    });","","    $U.extend(Model, {","        Row: Row,","        Table: Table","    });","","    return Model;","}();",""],"l":{"2":1,"3":1,"4":1,"6":1,"8":1,"9":1,"13":1,"15":0,"16":0,"20":0,"24":0,"28":0,"32":0,"33":0,"34":0,"40":0,"42":0,"43":0,"44":0,"48":0,"49":0,"51":0,"55":0,"59":0,"61":0,"62":0,"64":0,"66":0,"69":0,"70":0,"72":0,"79":0,"82":0,"84":0,"88":0,"89":0,"90":0,"91":0,"92":0,"94":0,"96":0,"101":0,"105":0,"106":0,"111":0,"113":0,"117":0,"119":0,"122":0,"123":0,"129":0,"133":0,"134":0,"135":0,"138":0,"139":0,"140":0,"143":0,"144":0,"145":0,"148":0,"152":0,"153":0,"154":0,"156":0,"161":0,"163":0,"165":0,"166":0,"167":0,"169":0,"172":0,"173":0,"177":0,"182":0,"184":0,"186":0,"187":0,"188":0,"190":0,"193":0,"194":0,"198":0,"203":0,"205":0,"206":0,"207":0,"208":0,"210":0,"212":0,"218":0,"219":0,"222":0,"223":0,"227":0,"232":1,"234":0,"235":0,"236":0,"237":0,"238":0,"240":0,"242":0,"244":0,"245":0,"246":0,"250":0,"254":0,"258":0,"262":0,"266":0,"270":0,"271":0,"273":0,"274":0,"276":0,"277":0,"281":0,"282":0,"284":0,"285":0,"286":0,"289":0,"290":0,"293":0,"297":0,"299":0,"300":0,"301":0,"302":0,"304":0,"308":0,"309":0,"313":0,"315":0,"319":0,"321":0,"322":0,"323":0,"325":0,"327":0,"332":0,"334":0,"338":0,"340":0,"343":0,"344":0,"350":0,"351":0,"355":0,"356":0,"358":0,"359":0,"360":0,"362":0,"366":0,"367":0,"369":0,"373":0,"375":0,"377":0,"380":0,"386":0,"388":0,"390":0,"393":0,"399":0,"403":0,"405":0,"407":0,"410":0,"411":0,"418":0,"422":0,"426":0,"430":0,"434":0,"440":0,"444":0,"445":0,"446":0,"448":0,"452":0,"453":0,"454":0,"456":0,"460":0,"461":0,"462":0,"464":0,"468":0,"470":0,"472":0,"475":0,"481":1,"486":1}}}